#
# There is insufficient memory for the Java Runtime Environment to continue.
# Native memory allocation (mmap) failed to map 130023424 bytes for G1 virtual space
# Possible reasons:
#   The system is out of physical RAM or swap space
#   The process is running with CompressedOops enabled, and the Java Heap may be blocking the growth of the native heap
# Possible solutions:
#   Reduce memory load on the system
#   Increase physical memory or swap space
#   Check if swap backing store is full
#   Decrease Java heap size (-Xmx/-Xms)
#   Decrease number of Java threads
#   Decrease Java thread stack sizes (-Xss)
#   Set larger code cache with -XX:ReservedCodeCacheSize=
#   JVM is running with Unscaled Compressed Oops mode in which the Java heap is
#     placed in the first 4GB address space. The Java Heap base address is the
#     maximum limit for the native heap growth. Please use -XX:HeapBaseMinAddress
#     to set the Java Heap base and to place the Java Heap above 4GB virtual address.
# This output file may be truncated or incomplete.
#
#  Out of Memory Error (os_windows.cpp:3600), pid=35828, tid=27584
#
# JRE version:  (21.0.1+12) (build )
# Java VM: Java HotSpot(TM) 64-Bit Server VM (21.0.1+12-LTS-29, mixed mode, sharing, tiered, compressed oops, compressed class ptrs, g1 gc, windows-amd64)
# No core dump will be written. Minidumps are not enabled by default on client versions of Windows
#

---------------  S U M M A R Y ------------

Command Line: -Dfile.encoding=UTF-8 -Dstdout.encoding=UTF-8 -Dstderr.encoding=UTF-8 --module-path=C:\Users\sssss\Downloads\mysql-connector-j-8.2.0.jar -XX:+ShowCodeDetailsInExceptionMessages LoginUI

Host: Intel(R) Core(TM) i7-1065G7 CPU @ 1.30GHz, 8 cores, 7G,  Windows 11 , 64 bit Build 22621 (10.0.22621.2506)
Time: Mon Dec 18 00:47:27 2023  Windows 11 , 64 bit Build 22621 (10.0.22621.2506) elapsed time: 0.018021 seconds (0d 0h 0m 0s)

---------------  T H R E A D  ---------------

Current thread (0x000001d95330bd50):  JavaThread "Unknown thread" [_thread_in_vm, id=27584, stack(0x0000006a81800000,0x0000006a81900000) (1024K)]

Stack: [0x0000006a81800000,0x0000006a81900000]
Native frames: (J=compiled Java code, j=interpreted, Vv=VM code, C=native code)
V  [jvm.dll+0x6c9029]
V  [jvm.dll+0x854b81]
V  [jvm.dll+0x856e5e]
V  [jvm.dll+0x857543]
V  [jvm.dll+0x280c06]
V  [jvm.dll+0x6c5715]
V  [jvm.dll+0x6ba10a]
V  [jvm.dll+0x3557ea]
V  [jvm.dll+0x35d436]
V  [jvm.dll+0x3ae1be]
V  [jvm.dll+0x3ae468]
V  [jvm.dll+0x3291fc]
V  [jvm.dll+0x329d8b]
V  [jvm.dll+0x81d179]
V  [jvm.dll+0x3bb4f1]
V  [jvm.dll+0x805ae8]
V  [jvm.dll+0x44effe]
V  [jvm.dll+0x450901]
C  [jli.dll+0x52a3]
C  [ucrtbase.dll+0x29363]
C  [KERNEL32.DLL+0x1257d]
C  [ntdll.dll+0x5aa58]


---------------  P R O C E S S  ---------------

Threads class SMR info:
_java_thread_list=0x00007ffc36d19b88, length=0, elements={
}

Java Threads: ( => current thread )
Total: 0

Other Threads:
  0x000001d955463280 WorkerThread "GC Thread#0"                     [id=30784, stack(0x0000006a81900000,0x0000006a81a00000) (1024K)]
  0x000001d9554742b0 ConcurrentGCThread "G1 Main Marker"            [id=11544, stack(0x0000006a81a00000,0x0000006a81b00000) (1024K)]
  0x000001d955474db0 WorkerThread "G1 Conc#0"                       [id=9816, stack(0x0000006a81b00000,0x0000006a81c00000) (1024K)]

[error occurred during error reporting (printing all threads), id 0xc0000005, EXCEPTION_ACCESS_VIOLATION (0xc0000005) at pc=0x00007ffc3648c2c7]
VM state: not at safepoint (not fully initialized)

VM Mutex/Monitor currently owned by a thread:  ([mutex/lock_event])
[0x00007ffc36d8a6f8] Heap_lock - owner thread: 0x000001d95330bd50

Heap address: 0x0000000084800000, size: 1976 MB, Compressed Oops mode: 32-bit

CDS archive(s) mapped at: [0x0000000000000000-0x0000000000000000-0x0000000000000000), size 0, SharedBaseAddress: 0x0000000800000000, ArchiveRelocationMode: 1.
Narrow klass base: 0x0000000000000000, Narrow klass shift: 0, Narrow klass range: 0x0

GC Precious Log:
 CardTable entry size: 512
 Card Set container configuration: InlinePtr #cards 5 size 8 Array Of Cards #cards 12 size 40 Howl #buckets 4 coarsen threshold 1843 Howl Bitmap #cards 512 size 80 coarsen threshold 460 Card regions per heap region 1 cards per card region 2048

Heap:
 garbage-first heap   total 0K, used 0K [0x0000000084800000, 0x0000000100000000)
  region size 1024K, 0 young (0K), 0 survivors (0K)

[error occurred during error reporting (printing heap information), id 0xc0000005, EXCEPTION_ACCESS_VIOLATION (0xc0000005) at pc=0x00007ffc36871be9]
GC Heap History (0 events):
No events

Dll operation events (1 events):
Event: 0.014 Loaded shared library C:\Program Files\Java\jdk-21\bin\java.dll

Deoptimization events (0 events):
No events

Classes loaded (0 events):
No events

Classes unloaded (0 events):
No events

Classes redefined (0 events):
No events

Internal exceptions (0 events):
No events

ZGC Phase Switch (0 events):
No events

VM Operations (0 events):
No events

Events (0 events):
No events


Dynamic libraries:
0x00007ff77d270000 - 0x00007ff77d280000 	C:\Program Files\Java\jdk-21\bin\javaw.exe
0x00007ffccb210000 - 0x00007ffccb427000 	C:\WINDOWS\SYSTEM32\ntdll.dll
0x00007ffcc9070000 - 0x00007ffcc9134000 	C:\WINDOWS\System32\KERNEL32.DLL
0x00007ffcc8890000 - 0x00007ffcc8c36000 	C:\WINDOWS\System32\KERNELBASE.dll
0x00007ffcc8e40000 - 0x00007ffcc8f51000 	C:\WINDOWS\System32\ucrtbase.dll
0x00007ffcbf720000 - 0x00007ffcbf739000 	C:\Program Files\Java\jdk-21\bin\jli.dll
0x00007ffcc9f60000 - 0x00007ffcca011000 	C:\WINDOWS\System32\ADVAPI32.dll
0x00007ffcbf700000 - 0x00007ffcbf71b000 	C:\Program Files\Java\jdk-21\bin\VCRUNTIME140.dll
0x00007ffcca350000 - 0x00007ffcca3f7000 	C:\WINDOWS\System32\msvcrt.dll
0x00007ffcc9310000 - 0x00007ffcc93b5000 	C:\WINDOWS\System32\sechost.dll
0x00007ffcca020000 - 0x00007ffcca137000 	C:\WINDOWS\System32\RPCRT4.dll
0x00007ffcc9160000 - 0x00007ffcc930e000 	C:\WINDOWS\System32\USER32.dll
0x00007ffcc8d00000 - 0x00007ffcc8d26000 	C:\WINDOWS\System32\win32u.dll
0x00007ffcc9f30000 - 0x00007ffcc9f59000 	C:\WINDOWS\System32\GDI32.dll
0x00007ffcc7740000 - 0x00007ffcc79d3000 	C:\WINDOWS\WinSxS\amd64_microsoft.windows.common-controls_6595b64144ccf1df_6.0.22621.2506_none_270c5ae97388e100\COMCTL32.dll
0x00007ffcc8580000 - 0x00007ffcc8698000 	C:\WINDOWS\System32\gdi32full.dll
0x00007ffcc8d30000 - 0x00007ffcc8dca000 	C:\WINDOWS\System32\msvcp_win.dll
0x00007ffcb7b70000 - 0x00007ffcb7b7a000 	C:\WINDOWS\SYSTEM32\VERSION.dll
0x00007ffccb120000 - 0x00007ffccb151000 	C:\WINDOWS\System32\IMM32.DLL
0x00007ffcbf810000 - 0x00007ffcbf81c000 	C:\Program Files\Java\jdk-21\bin\vcruntime140_1.dll
0x00007ffc38e60000 - 0x00007ffc38eee000 	C:\Program Files\Java\jdk-21\bin\msvcp140.dll
0x00007ffc36150000 - 0x00007ffc36e65000 	C:\Program Files\Java\jdk-21\bin\server\jvm.dll
0x00007ffcc9a40000 - 0x00007ffcc9ab1000 	C:\WINDOWS\System32\WS2_32.dll
0x00007ffcc82a0000 - 0x00007ffcc82ed000 	C:\WINDOWS\SYSTEM32\POWRPROF.dll
0x00007ffcbde90000 - 0x00007ffcbdec4000 	C:\WINDOWS\SYSTEM32\WINMM.dll
0x00007ffcc8280000 - 0x00007ffcc8293000 	C:\WINDOWS\SYSTEM32\UMPDC.dll
0x00007ffcc6cc0000 - 0x00007ffcc6cd8000 	C:\WINDOWS\SYSTEM32\kernel.appcore.dll
0x00007ffcbe6d0000 - 0x00007ffcbe6da000 	C:\Program Files\Java\jdk-21\bin\jimage.dll
0x00007ffcc7e70000 - 0x00007ffcc80a3000 	C:\WINDOWS\SYSTEM32\DBGHELP.DLL
0x00007ffccad90000 - 0x00007ffccb119000 	C:\WINDOWS\System32\combase.dll
0x00007ffcca140000 - 0x00007ffcca217000 	C:\WINDOWS\System32\OLEAUT32.dll
0x00007ffcc7d30000 - 0x00007ffcc7d62000 	C:\WINDOWS\SYSTEM32\dbgcore.DLL
0x00007ffcc86a0000 - 0x00007ffcc871a000 	C:\WINDOWS\System32\bcryptPrimitives.dll
0x00007ffcbe6b0000 - 0x00007ffcbe6cf000 	C:\Program Files\Java\jdk-21\bin\java.dll

dbghelp: loaded successfully - version: 4.0.5 - missing functions: none
symbol engine: initialized successfully - sym options: 0x614 - pdb path: .;C:\Program Files\Java\jdk-21\bin;C:\WINDOWS\SYSTEM32;C:\WINDOWS\WinSxS\amd64_microsoft.windows.common-controls_6595b64144ccf1df_6.0.22621.2506_none_270c5ae97388e100;C:\Program Files\Java\jdk-21\bin\server

VM Arguments:
jvm_args: -Dfile.encoding=UTF-8 -Dstdout.encoding=UTF-8 -Dstderr.encoding=UTF-8 --module-path=C:\Users\sssss\Downloads\mysql-connector-j-8.2.0.jar -XX:+ShowCodeDetailsInExceptionMessages 
java_command: LoginUI
java_class_path (initial): C:\Users\sssss\git\Hansung\bin
Launcher Type: SUN_STANDARD

[Global flags]
     intx CICompilerCount                          = 4                                         {product} {ergonomic}
     uint ConcGCThreads                            = 2                                         {product} {ergonomic}
     uint G1ConcRefinementThreads                  = 8                                         {product} {ergonomic}
   size_t G1HeapRegionSize                         = 1048576                                   {product} {ergonomic}
    uintx GCDrainStackTargetSize                   = 64                                        {product} {ergonomic}
   size_t InitialHeapSize                          = 130023424                                 {product} {ergonomic}
   size_t MarkStackSize                            = 4194304                                   {product} {ergonomic}
   size_t MaxHeapSize                              = 2071986176                                {product} {ergonomic}
   size_t MinHeapDeltaBytes                        = 1048576                                   {product} {ergonomic}
   size_t MinHeapSize                              = 8388608                                   {product} {ergonomic}
    uintx NonNMethodCodeHeapSize                   = 5839372                                {pd product} {ergonomic}
    uintx NonProfiledCodeHeapSize                  = 122909434                              {pd product} {ergonomic}
    uintx ProfiledCodeHeapSize                     = 122909434                              {pd product} {ergonomic}
    uintx ReservedCodeCacheSize                    = 251658240                              {pd product} {ergonomic}
     bool SegmentedCodeCache                       = true                                      {product} {ergonomic}
     bool ShowCodeDetailsInExceptionMessages       = true                                   {manageable} {command line}
   size_t SoftMaxHeapSize                          = 2071986176                             {manageable} {ergonomic}
     bool UseCompressedOops                        = true                           {product lp64_product} {ergonomic}
     bool UseG1GC                                  = true                                      {product} {ergonomic}
     bool UseLargePagesIndividualAllocation        = false                                  {pd product} {ergonomic}

Logging:
Log output configuration:
 #0: stdout all=warning uptime,level,tags foldmultilines=false
 #1: stderr all=off uptime,level,tags foldmultilines=false

Environment Variables:
JAVA_HOME=C:\Program Files\Java\jdk-21
PATH=C:\Program Files\Common Files\Oracle\Java\javapath;C:\Program Files\Java\jdk-21\bin;C:\WINDOWS\system32;C:\WINDOWS;C:\WINDOWS\System32\Wbem;C:\WINDOWS\System32\WindowsPowerShell\v1.0\;C:\WINDOWS\System32\OpenSSH\;C:\Program Files\nodejs\;C:\flutter\bin;C:\Program Files\Microsoft SQL Server\150\Tools\Binn\;C:\Program Files\Microsoft SQL Server\Client SDK\ODBC\170\Tools\Binn\;C:\Program Files (x86)\Windows Kits\10\Windows Performance Toolkit\;C:\Users\sssss\AppData\Local\Android\Sdk;C:\Users\sssss\AppData\Local\Android\Sdk\platform-tools;C:\Program Files\Git\cmd;C:\Program Files\MySQL\MySQL Server 8.2\bin;C:\Users\sssss\AppData\Local\Programs\Python\Python312\Scripts\;C:\Users\sssss\AppData\Local\Programs\Python\Python312\;C:\Users\sssss\AppData\Local\Microsoft\WindowsApps;C:\Users\sssss\AppData\Local\Programs\Microsoft VS Code\bin;C:\Users\sssss\AppData\Local\GitHubDesktop\bin;C:\Users\sssss\AppData\Roaming\npm
USERNAME=sssss
OS=Windows_NT
PROCESSOR_IDENTIFIER=Intel64 Family 6 Model 126 Stepping 5, GenuineIntel
TMP=C:\Users\sssss\AppData\Local\Temp
TEMP=C:\Users\sssss\AppData\Local\Temp




Periodic native trim disabled

---------------  S Y S T E M  ---------------

OS:
 Windows 11 , 64 bit Build 22621 (10.0.22621.2506)
OS uptime: 2 days 0:06 hours

CPU: total 8 (initial active 8) (4 cores per cpu, 2 threads per core) family 6 model 126 stepping 5 microcode 0x96, cx8, cmov, fxsr, ht, mmx, 3dnowpref, sse, sse2, sse3, ssse3, sse4.1, sse4.2, popcnt, lzcnt, tsc, tscinvbit, avx, avx2, aes, erms, clmul, bmi1, bmi2, adx, avx512f, avx512dq, avx512cd, avx512bw, avx512vl, sha, fma, vzeroupper, avx512_vpopcntdq, avx512_vpclmulqdq, avx512_vaes, avx512_vnni, clflush, clflushopt, avx512_vbmi2, avx512_vbmi, rdtscp, rdpid, fsrm, gfni, avx512_bitalg, f16c, pku, avx512_ifma
Processor Information for processor 0
  Max Mhz: 1498, Current Mhz: 1298, Mhz Limit: 1288
Processor Information for processor 1
  Max Mhz: 1498, Current Mhz: 1298, Mhz Limit: 1288
Processor Information for processor 2
  Max Mhz: 1498, Current Mhz: 998, Mhz Limit: 1288
Processor Information for processor 3
  Max Mhz: 1498, Current Mhz: 1298, Mhz Limit: 1288
Processor Information for processor 4
  Max Mhz: 1498, Current Mhz: 998, Mhz Limit: 1288
Processor Information for processor 5
  Max Mhz: 1498, Current Mhz: 1298, Mhz Limit: 1288
Processor Information for processor 6
  Max Mhz: 1498, Current Mhz: 998, Mhz Limit: 1288
Processor Information for processor 7
  Max Mhz: 1498, Current Mhz: 998, Mhz Limit: 1288

Memory: 4k page, system-wide physical 7901M (464M free)
TotalPageFile size 32477M (AvailPageFile size 62M)
current process WorkingSet (physical memory assigned to process): 11M, peak: 11M
current process commit charge ("private bytes"): 60M, peak: 184M

vm_info: Java HotSpot(TM) 64-Bit Server VM (21.0.1+12-LTS-29) for windows-amd64 JRE (21.0.1+12-LTS-29), built on 2023-10-05T13:27:09Z by "mach5one" with MS VC++ 17.1 (VS2022)

END.
