#
# There is insufficient memory for the Java Runtime Environment to continue.
# Native memory allocation (mmap) failed to map 65536 bytes for Failed to commit metaspace.
# Possible reasons:
#   The system is out of physical RAM or swap space
#   The process is running with CompressedOops enabled, and the Java Heap may be blocking the growth of the native heap
# Possible solutions:
#   Reduce memory load on the system
#   Increase physical memory or swap space
#   Check if swap backing store is full
#   Decrease Java heap size (-Xmx/-Xms)
#   Decrease number of Java threads
#   Decrease Java thread stack sizes (-Xss)
#   Set larger code cache with -XX:ReservedCodeCacheSize=
#   JVM is running with Unscaled Compressed Oops mode in which the Java heap is
#     placed in the first 4GB address space. The Java Heap base address is the
#     maximum limit for the native heap growth. Please use -XX:HeapBaseMinAddress
#     to set the Java Heap base and to place the Java Heap above 4GB virtual address.
# This output file may be truncated or incomplete.
#
#  Out of Memory Error (virtualSpaceNode.cpp:112), pid=25636, tid=23676
#
# JRE version: Java(TM) SE Runtime Environment (21.0.1+12) (build 21.0.1+12-LTS-29)
# Java VM: Java HotSpot(TM) 64-Bit Server VM (21.0.1+12-LTS-29, mixed mode, sharing, tiered, compressed oops, compressed class ptrs, g1 gc, windows-amd64)
# No core dump will be written. Minidumps are not enabled by default on client versions of Windows
#

---------------  S U M M A R Y ------------

Command Line: -Dfile.encoding=UTF-8 -Dstdout.encoding=UTF-8 -Dstderr.encoding=UTF-8 --module-path=C:\Users\sssss\Downloads\mysql-connector-j-8.2.0.jar -XX:+ShowCodeDetailsInExceptionMessages ChatClient

Host: Intel(R) Core(TM) i7-1065G7 CPU @ 1.30GHz, 8 cores, 7G,  Windows 11 , 64 bit Build 22621 (10.0.22621.2506)
Time: Sun Dec 17 23:55:03 2023  Windows 11 , 64 bit Build 22621 (10.0.22621.2506) elapsed time: 0.482011 seconds (0d 0h 0m 0s)

---------------  T H R E A D  ---------------

Current thread (0x00000279649ce140):  JavaThread "AWT-EventQueue-0"        [_thread_in_vm, id=23676, stack(0x000000a1e6300000,0x000000a1e6400000) (1024K)]

Stack: [0x000000a1e6300000,0x000000a1e6400000]
Native frames: (J=compiled Java code, j=interpreted, Vv=VM code, C=native code)
V  [jvm.dll+0x6c9029]
V  [jvm.dll+0x854b81]
V  [jvm.dll+0x856e5e]
V  [jvm.dll+0x857543]
V  [jvm.dll+0x280c06]
V  [jvm.dll+0x8508ae]
V  [jvm.dll+0x66ca45]
V  [jvm.dll+0x66caaa]
V  [jvm.dll+0x66f2a6]
V  [jvm.dll+0x66f172]
V  [jvm.dll+0x66d41e]
V  [jvm.dll+0x677657]
V  [jvm.dll+0x217a53]
V  [jvm.dll+0x217f95]
V  [jvm.dll+0x2189b1]
V  [jvm.dll+0x20dc4e]
V  [jvm.dll+0x5ac6dc]
V  [jvm.dll+0x21f67a]
V  [jvm.dll+0x7ccde1]
V  [jvm.dll+0x7cde45]
V  [jvm.dll+0x7ce600]
V  [jvm.dll+0x218dac]
V  [jvm.dll+0x20dc67]
V  [jvm.dll+0x5ac6dc]
V  [jvm.dll+0x21f67a]
V  [jvm.dll+0x7ccde1]
V  [jvm.dll+0x7cde45]
V  [jvm.dll+0x7ce3ef]
V  [jvm.dll+0x7ce098]
V  [jvm.dll+0x26ebdb]
V  [jvm.dll+0x3d36fe]
C  0x000002795775b114

The last pc belongs to new (printed below).
Java frames: (J=compiled Java code, j=interpreted, Vv=VM code)
j  sun.net.www.protocol.file.Handler.createFileURLConnection(Ljava/net/URL;Ljava/io/File;)Ljava/net/URLConnection;+0 java.base@21.0.1
j  sun.net.www.protocol.file.Handler.openConnection(Ljava/net/URL;Ljava/net/Proxy;)Ljava/net/URLConnection;+79 java.base@21.0.1
j  sun.net.www.protocol.file.Handler.openConnection(Ljava/net/URL;)Ljava/net/URLConnection;+3 java.base@21.0.1
j  java.net.URL.openConnection()Ljava/net/URLConnection;+5 java.base@21.0.1
j  sun.net.www.protocol.jar.JarURLConnection.<init>(Ljava/net/URL;Lsun/net/www/protocol/jar/Handler;)V+10 java.base@21.0.1
j  sun.net.www.protocol.jar.Handler.openConnection(Ljava/net/URL;)Ljava/net/URLConnection;+6 java.base@21.0.1
j  java.net.URL.openConnection()Ljava/net/URLConnection;+5 java.base@21.0.1
j  java.util.ServiceLoader$LazyClassPathLookupIterator.parse(Ljava/net/URL;)Ljava/util/Iterator;+9 java.base@21.0.1
j  java.util.ServiceLoader$LazyClassPathLookupIterator.nextProviderClass()Ljava/lang/Class;+176 java.base@21.0.1
j  java.util.ServiceLoader$LazyClassPathLookupIterator.hasNextService()Z+15 java.base@21.0.1
j  java.util.ServiceLoader$LazyClassPathLookupIterator.hasNext()Z+11 java.base@21.0.1
j  java.util.ServiceLoader$2.hasNext()Z+16 java.base@21.0.1
j  java.util.ServiceLoader$3.hasNext()Z+32 java.base@21.0.1
j  java.sql.DriverManager$2.run()Ljava/lang/Void;+12 java.sql@21.0.1
j  java.sql.DriverManager$2.run()Ljava/lang/Object;+1 java.sql@21.0.1
j  java.security.AccessController.executePrivileged(Ljava/security/PrivilegedAction;Ljava/security/AccessControlContext;Ljava/lang/Class;)Ljava/lang/Object;+29 java.base@21.0.1
j  java.security.AccessController.doPrivileged(Ljava/security/PrivilegedAction;)Ljava/lang/Object;+5 java.base@21.0.1
j  java.sql.DriverManager.ensureDriversInitialized()V+49 java.sql@21.0.1
j  java.sql.DriverManager.getConnection(Ljava/lang/String;Ljava/util/Properties;Ljava/lang/Class;)Ljava/sql/Connection;+57 java.sql@21.0.1
j  java.sql.DriverManager.getConnection(Ljava/lang/String;Ljava/lang/String;Ljava/lang/String;)Ljava/sql/Connection;+37 java.sql@21.0.1
j  ChatDatabaseManager.loadChatHistory(Ljava/lang/String;)Ljava/util/List;+22
j  ChatClient.loadChatHistory(Ljava/lang/String;)V+1
j  ChatClient.<init>(Ljava/lang/String;Ljava/lang/String;)V+205
j  ChatClient$1.run()V+8
j  java.awt.event.InvocationEvent.dispatch()V+47 java.desktop@21.0.1
j  java.awt.EventQueue.dispatchEventImpl(Ljava/awt/AWTEvent;Ljava/lang/Object;)V+21 java.desktop@21.0.1
j  java.awt.EventQueue$4.run()Ljava/lang/Void;+32 java.desktop@21.0.1
j  java.awt.EventQueue$4.run()Ljava/lang/Object;+1 java.desktop@21.0.1
j  java.security.AccessController.executePrivileged(Ljava/security/PrivilegedAction;Ljava/security/AccessControlContext;Ljava/lang/Class;)Ljava/lang/Object;+29 java.base@21.0.1
j  java.security.AccessController.doPrivileged(Ljava/security/PrivilegedAction;Ljava/security/AccessControlContext;)Ljava/lang/Object;+13 java.base@21.0.1
j  java.security.ProtectionDomain$JavaSecurityAccessImpl.doIntersectionPrivilege(Ljava/security/PrivilegedAction;Ljava/security/AccessControlContext;Ljava/security/AccessControlContext;)Ljava/lang/Object;+18 java.base@21.0.1
j  java.awt.EventQueue.dispatchEvent(Ljava/awt/AWTEvent;)V+46 java.desktop@21.0.1
j  java.awt.EventDispatchThread.pumpOneEventForFilters(I)V+81 java.desktop@21.0.1
j  java.awt.EventDispatchThread.pumpEventsForFilter(ILjava/awt/Conditional;Ljava/awt/EventFilter;)V+35 java.desktop@21.0.1
j  java.awt.EventDispatchThread.pumpEventsForHierarchy(ILjava/awt/Conditional;Ljava/awt/Component;)V+11 java.desktop@21.0.1
j  java.awt.EventDispatchThread.pumpEvents(ILjava/awt/Conditional;)V+4 java.desktop@21.0.1
j  java.awt.EventDispatchThread.pumpEvents(Ljava/awt/Conditional;)V+3 java.desktop@21.0.1
j  java.awt.EventDispatchThread.run()V+9 java.desktop@21.0.1
v  ~StubRoutines::call_stub 0x00000279577410e7
new  187 new  [0x000002795775af80, 0x000002795775b188]  520 bytes
[MachCode]
  0x000002795775af80: 4883 ec08 | c5fa 1104 | 24eb 1f48 | 83ec 10c5 | fb11 0424 | eb14 4883 | ec10 4889 | 0424 48c7 
  0x000002795775afa0: 4424 0800 | 0000 00eb | 0150 410f | b755 010f | cac1 ea10 | 488b 4de8 | 488b 4908 | 488b 4908 
  0x000002795775afc0: 488b 4108 | 807c 1004 | 070f 85d3 | 0000 0066 | 8b54 d148 | 488b 4928 | 488b 4cd1 | 0851 80b9 
  0x000002795775afe0: 2001 0000 | 050f 85b6 | 0000 008b | 5108 f6c2 | 010f 85aa | 0000 0049 | 8b87 b801 | 0000 488d 
  0x000002795775b000: 1c10 493b | 9fc8 0100 | 000f 8792 | 0000 0049 | 899f b801 | 0000 4883 | ea10 0f84 | 0f00 0000 
  0x000002795775b020: 33c9 c1ea | 0348 894c | d008 48ff | ca75 f648 | c700 0100 | 0000 5933 | f689 700c | 49ba 0000 
  0x000002795775b040: 0000 7902 | 0000 492b | ca89 4808 | 49ba ca25 | d736 fc7f | 0000 4180 | 3a00 0f84 | 3c00 0000 
  0x000002795775b060: 5048 8bc8 | 4883 ec20 | 40f6 c40f | 0f84 1900 | 0000 4883 | ec08 48b8 | 70eb 8736 | fc7f 0000 
  0x000002795775b080: ffd0 4883 | c408 e90c | 0000 0048 | b870 eb87 | 36fc 7f00 | 00ff d048 | 83c4 2058 | e9cb 0000 
  0x000002795775b0a0: 0059 488b | 55e8 488b | 5208 488b | 5208 450f | b745 0141 | 0fc8 41c1 | e810 e805 | 0000 00e9 
  0x000002795775b0c0: a800 0000 | 488d 4424 | 084c 896d | c049 8bcf | c5f8 7749 | 89af a803 | 0000 4989 | 8798 0300 
  0x000002795775b0e0: 0048 83ec | 2040 f6c4 | 0f0f 8419 | 0000 0048 | 83ec 0848 | b8b0 3652 | 36fc 7f00 | 00ff d048 
  0x000002795775b100: 83c4 08e9 | 0c00 0000 | 48b8 b036 | 5236 fc7f | 0000 ffd0 | 4883 c420 | 49c7 8798 | 0300 0000 
  0x000002795775b120: 0000 0049 | c787 a803 | 0000 0000 | 0000 49c7 | 87a0 0300 | 0000 0000 | 00c5 f877 | 4983 7f08 
  0x000002795775b140: 000f 8405 | 0000 00e9 | b45d feff | 498b 87f0 | 0300 0049 | c787 f003 | 0000 0000 | 0000 4c8b 
  0x000002795775b160: 6dc0 4c8b | 75c8 4e8d | 74f5 00c3 | 410f b65d | 0349 83c5 | 0349 ba80 | dfd9 36fc | 7f00 0041 
  0x000002795775b180: ff24 da0f | 1f44 0000 
[/MachCode]

---------------  P R O C E S S  ---------------

Threads class SMR info:
_java_thread_list=0x00000279690e8a40, length=19, elements={
0x00000279645f1850, 0x00000279645f2810, 0x00000279645f5100, 0x00000279645f5c50,
0x00000279645f6950, 0x00000279645fdcb0, 0x000002796460b690, 0x000002796460de90,
0x000002796471dfb0, 0x0000027964816970, 0x000002796487bf40, 0x000002796901e6b0,
0x000002796901ed20, 0x000002796901f5b0, 0x00000279649ce140, 0x0000027945ad7430,
0x00000279691ef140, 0x00000279691ef7b0, 0x00000279691effd0
}

Java Threads: ( => current thread )
  0x00000279645f1850 JavaThread "Reference Handler"          daemon [_thread_blocked, id=33688, stack(0x000000a1e5500000,0x000000a1e5600000) (1024K)]
  0x00000279645f2810 JavaThread "Finalizer"                  daemon [_thread_blocked, id=27796, stack(0x000000a1e5600000,0x000000a1e5700000) (1024K)]
  0x00000279645f5100 JavaThread "Signal Dispatcher"          daemon [_thread_blocked, id=15076, stack(0x000000a1e5700000,0x000000a1e5800000) (1024K)]
  0x00000279645f5c50 JavaThread "Attach Listener"            daemon [_thread_blocked, id=15116, stack(0x000000a1e5800000,0x000000a1e5900000) (1024K)]
  0x00000279645f6950 JavaThread "Service Thread"             daemon [_thread_blocked, id=10976, stack(0x000000a1e5900000,0x000000a1e5a00000) (1024K)]
  0x00000279645fdcb0 JavaThread "Monitor Deflation Thread"   daemon [_thread_blocked, id=17228, stack(0x000000a1e5a00000,0x000000a1e5b00000) (1024K)]
  0x000002796460b690 JavaThread "C2 CompilerThread0"         daemon [_thread_blocked, id=28616, stack(0x000000a1e5b00000,0x000000a1e5c00000) (1024K)]
  0x000002796460de90 JavaThread "C1 CompilerThread0"         daemon [_thread_blocked, id=30148, stack(0x000000a1e5c00000,0x000000a1e5d00000) (1024K)]
  0x000002796471dfb0 JavaThread "Common-Cleaner"             daemon [_thread_blocked, id=15688, stack(0x000000a1e5d00000,0x000000a1e5e00000) (1024K)]
  0x0000027964816970 JavaThread "C2 CompilerThread1"         daemon [_thread_blocked, id=27708, stack(0x000000a1e5e00000,0x000000a1e5f00000) (1024K)]
  0x000002796487bf40 JavaThread "Notification Thread"        daemon [_thread_blocked, id=27244, stack(0x000000a1e5f00000,0x000000a1e6000000) (1024K)]
  0x000002796901e6b0 JavaThread "Java2D Disposer"            daemon [_thread_blocked, id=3684, stack(0x000000a1e6000000,0x000000a1e6100000) (1024K)]
  0x000002796901ed20 JavaThread "AWT-Shutdown"                      [_thread_blocked, id=6416, stack(0x000000a1e6100000,0x000000a1e6200000) (1024K)]
  0x000002796901f5b0 JavaThread "AWT-Windows"                daemon [_thread_in_native, id=34640, stack(0x000000a1e6200000,0x000000a1e6300000) (1024K)]
=>0x00000279649ce140 JavaThread "AWT-EventQueue-0"                  [_thread_in_vm, id=23676, stack(0x000000a1e6300000,0x000000a1e6400000) (1024K)]
  0x0000027945ad7430 JavaThread "DestroyJavaVM"                     [_thread_blocked, id=22276, stack(0x000000a1e4d00000,0x000000a1e4e00000) (1024K)]
  0x00000279691ef140 JavaThread "Thread-1"                          [_thread_in_native, id=12776, stack(0x000000a1e6400000,0x000000a1e6500000) (1024K)]
  0x00000279691ef7b0 JavaThread "TimerQueue"                 daemon [_thread_blocked, id=18528, stack(0x000000a1e6500000,0x000000a1e6600000) (1024K)]
  0x00000279691effd0 JavaThread "mysql-cj-abandoned-connection-cleanup" daemon [_thread_blocked, id=9844, stack(0x000000a1e6600000,0x000000a1e6700000) (1024K)]
Total: 19

Other Threads:
  0x00000279645d4670 VMThread "VM Thread"                           [id=29872, stack(0x000000a1e5400000,0x000000a1e5500000) (1024K)]
  0x00000279645b9ef0 WatcherThread "VM Periodic Task Thread"        [id=25796, stack(0x000000a1e5300000,0x000000a1e5400000) (1024K)]
  0x0000027947e01ff0 WorkerThread "GC Thread#0"                     [id=32392, stack(0x000000a1e4e00000,0x000000a1e4f00000) (1024K)]
  0x0000027947e138b0 ConcurrentGCThread "G1 Main Marker"            [id=31640, stack(0x000000a1e4f00000,0x000000a1e5000000) (1024K)]
  0x0000027947e143b0 WorkerThread "G1 Conc#0"                       [id=21296, stack(0x000000a1e5000000,0x000000a1e5100000) (1024K)]
  0x0000027947e7e120 ConcurrentGCThread "G1 Refine#0"               [id=14800, stack(0x000000a1e5100000,0x000000a1e5200000) (1024K)]
  0x000002796448a100 ConcurrentGCThread "G1 Service"                [id=14836, stack(0x000000a1e5200000,0x000000a1e5300000) (1024K)]
Total: 7

Threads with active compile tasks:
Total: 0

VM state: not at safepoint (normal execution)

VM Mutex/Monitor currently owned by a thread:  ([mutex/lock_event])
[0x00007ffc36d88578] Metaspace_lock - owner thread: 0x00000279649ce140

Heap address: 0x0000000084800000, size: 1976 MB, Compressed Oops mode: 32-bit

CDS archive(s) mapped at: [0x0000027900000000-0x0000027900c90000-0x0000027900c90000), size 13172736, SharedBaseAddress: 0x0000027900000000, ArchiveRelocationMode: 1.
Compressed class space mapped at: 0x0000027901000000-0x0000027941000000, reserved size: 1073741824
Narrow klass base: 0x0000027900000000, Narrow klass shift: 0, Narrow klass range: 0x100000000

GC Precious Log:
 CardTable entry size: 512
 Card Set container configuration: InlinePtr #cards 5 size 8 Array Of Cards #cards 12 size 40 Howl #buckets 4 coarsen threshold 1843 Howl Bitmap #cards 512 size 80 coarsen threshold 460 Card regions per heap region 1 cards per card region 2048
 CPUs: 8 total, 8 available
 Memory: 7901M
 Large Page Support: Disabled
 NUMA Support: Disabled
 Compressed Oops: Enabled (32-bit)
 Heap Region Size: 1M
 Heap Min Capacity: 8M
 Heap Initial Capacity: 124M
 Heap Max Capacity: 1976M
 Pre-touch: Disabled
 Parallel Workers: 8
 Concurrent Workers: 2
 Concurrent Refinement Workers: 8
 Periodic GC: Disabled

Heap:
 garbage-first heap   total 126976K, used 9216K [0x0000000084800000, 0x0000000100000000)
  region size 1024K, 10 young (10240K), 0 survivors (0K)
 Metaspace       used 7868K, committed 8064K, reserved 1114112K
  class space    used 872K, committed 960K, reserved 1048576K

Heap Regions: E=young(eden), S=young(survivor), O=old, HS=humongous(starts), HC=humongous(continues), CS=collection set, F=free, TAMS=top-at-mark-start, PB=parsable bottom
|   0|0x0000000084800000, 0x0000000084800000, 0x0000000084900000|  0%| F|  |TAMS 0x0000000084800000| PB 0x0000000084800000| Untracked 
|   1|0x0000000084900000, 0x0000000084900000, 0x0000000084a00000|  0%| F|  |TAMS 0x0000000084900000| PB 0x0000000084900000| Untracked 
|   2|0x0000000084a00000, 0x0000000084a00000, 0x0000000084b00000|  0%| F|  |TAMS 0x0000000084a00000| PB 0x0000000084a00000| Untracked 
|   3|0x0000000084b00000, 0x0000000084b00000, 0x0000000084c00000|  0%| F|  |TAMS 0x0000000084b00000| PB 0x0000000084b00000| Untracked 
|   4|0x0000000084c00000, 0x0000000084c00000, 0x0000000084d00000|  0%| F|  |TAMS 0x0000000084c00000| PB 0x0000000084c00000| Untracked 
|   5|0x0000000084d00000, 0x0000000084d00000, 0x0000000084e00000|  0%| F|  |TAMS 0x0000000084d00000| PB 0x0000000084d00000| Untracked 
|   6|0x0000000084e00000, 0x0000000084e00000, 0x0000000084f00000|  0%| F|  |TAMS 0x0000000084e00000| PB 0x0000000084e00000| Untracked 
|   7|0x0000000084f00000, 0x0000000084f00000, 0x0000000085000000|  0%| F|  |TAMS 0x0000000084f00000| PB 0x0000000084f00000| Untracked 
|   8|0x0000000085000000, 0x0000000085000000, 0x0000000085100000|  0%| F|  |TAMS 0x0000000085000000| PB 0x0000000085000000| Untracked 
|   9|0x0000000085100000, 0x0000000085100000, 0x0000000085200000|  0%| F|  |TAMS 0x0000000085100000| PB 0x0000000085100000| Untracked 
|  10|0x0000000085200000, 0x0000000085200000, 0x0000000085300000|  0%| F|  |TAMS 0x0000000085200000| PB 0x0000000085200000| Untracked 
|  11|0x0000000085300000, 0x0000000085300000, 0x0000000085400000|  0%| F|  |TAMS 0x0000000085300000| PB 0x0000000085300000| Untracked 
|  12|0x0000000085400000, 0x0000000085400000, 0x0000000085500000|  0%| F|  |TAMS 0x0000000085400000| PB 0x0000000085400000| Untracked 
|  13|0x0000000085500000, 0x0000000085500000, 0x0000000085600000|  0%| F|  |TAMS 0x0000000085500000| PB 0x0000000085500000| Untracked 
|  14|0x0000000085600000, 0x0000000085600000, 0x0000000085700000|  0%| F|  |TAMS 0x0000000085600000| PB 0x0000000085600000| Untracked 
|  15|0x0000000085700000, 0x0000000085700000, 0x0000000085800000|  0%| F|  |TAMS 0x0000000085700000| PB 0x0000000085700000| Untracked 
|  16|0x0000000085800000, 0x0000000085800000, 0x0000000085900000|  0%| F|  |TAMS 0x0000000085800000| PB 0x0000000085800000| Untracked 
|  17|0x0000000085900000, 0x0000000085900000, 0x0000000085a00000|  0%| F|  |TAMS 0x0000000085900000| PB 0x0000000085900000| Untracked 
|  18|0x0000000085a00000, 0x0000000085a00000, 0x0000000085b00000|  0%| F|  |TAMS 0x0000000085a00000| PB 0x0000000085a00000| Untracked 
|  19|0x0000000085b00000, 0x0000000085b00000, 0x0000000085c00000|  0%| F|  |TAMS 0x0000000085b00000| PB 0x0000000085b00000| Untracked 
|  20|0x0000000085c00000, 0x0000000085c00000, 0x0000000085d00000|  0%| F|  |TAMS 0x0000000085c00000| PB 0x0000000085c00000| Untracked 
|  21|0x0000000085d00000, 0x0000000085d00000, 0x0000000085e00000|  0%| F|  |TAMS 0x0000000085d00000| PB 0x0000000085d00000| Untracked 
|  22|0x0000000085e00000, 0x0000000085e00000, 0x0000000085f00000|  0%| F|  |TAMS 0x0000000085e00000| PB 0x0000000085e00000| Untracked 
|  23|0x0000000085f00000, 0x0000000085f00000, 0x0000000086000000|  0%| F|  |TAMS 0x0000000085f00000| PB 0x0000000085f00000| Untracked 
|  24|0x0000000086000000, 0x0000000086000000, 0x0000000086100000|  0%| F|  |TAMS 0x0000000086000000| PB 0x0000000086000000| Untracked 
|  25|0x0000000086100000, 0x0000000086100000, 0x0000000086200000|  0%| F|  |TAMS 0x0000000086100000| PB 0x0000000086100000| Untracked 
|  26|0x0000000086200000, 0x0000000086200000, 0x0000000086300000|  0%| F|  |TAMS 0x0000000086200000| PB 0x0000000086200000| Untracked 
|  27|0x0000000086300000, 0x0000000086300000, 0x0000000086400000|  0%| F|  |TAMS 0x0000000086300000| PB 0x0000000086300000| Untracked 
|  28|0x0000000086400000, 0x0000000086400000, 0x0000000086500000|  0%| F|  |TAMS 0x0000000086400000| PB 0x0000000086400000| Untracked 
|  29|0x0000000086500000, 0x0000000086500000, 0x0000000086600000|  0%| F|  |TAMS 0x0000000086500000| PB 0x0000000086500000| Untracked 
|  30|0x0000000086600000, 0x0000000086600000, 0x0000000086700000|  0%| F|  |TAMS 0x0000000086600000| PB 0x0000000086600000| Untracked 
|  31|0x0000000086700000, 0x0000000086700000, 0x0000000086800000|  0%| F|  |TAMS 0x0000000086700000| PB 0x0000000086700000| Untracked 
|  32|0x0000000086800000, 0x0000000086800000, 0x0000000086900000|  0%| F|  |TAMS 0x0000000086800000| PB 0x0000000086800000| Untracked 
|  33|0x0000000086900000, 0x0000000086900000, 0x0000000086a00000|  0%| F|  |TAMS 0x0000000086900000| PB 0x0000000086900000| Untracked 
|  34|0x0000000086a00000, 0x0000000086a00000, 0x0000000086b00000|  0%| F|  |TAMS 0x0000000086a00000| PB 0x0000000086a00000| Untracked 
|  35|0x0000000086b00000, 0x0000000086b00000, 0x0000000086c00000|  0%| F|  |TAMS 0x0000000086b00000| PB 0x0000000086b00000| Untracked 
|  36|0x0000000086c00000, 0x0000000086c00000, 0x0000000086d00000|  0%| F|  |TAMS 0x0000000086c00000| PB 0x0000000086c00000| Untracked 
|  37|0x0000000086d00000, 0x0000000086d00000, 0x0000000086e00000|  0%| F|  |TAMS 0x0000000086d00000| PB 0x0000000086d00000| Untracked 
|  38|0x0000000086e00000, 0x0000000086e00000, 0x0000000086f00000|  0%| F|  |TAMS 0x0000000086e00000| PB 0x0000000086e00000| Untracked 
|  39|0x0000000086f00000, 0x0000000086f00000, 0x0000000087000000|  0%| F|  |TAMS 0x0000000086f00000| PB 0x0000000086f00000| Untracked 
|  40|0x0000000087000000, 0x0000000087000000, 0x0000000087100000|  0%| F|  |TAMS 0x0000000087000000| PB 0x0000000087000000| Untracked 
|  41|0x0000000087100000, 0x0000000087100000, 0x0000000087200000|  0%| F|  |TAMS 0x0000000087100000| PB 0x0000000087100000| Untracked 
|  42|0x0000000087200000, 0x0000000087200000, 0x0000000087300000|  0%| F|  |TAMS 0x0000000087200000| PB 0x0000000087200000| Untracked 
|  43|0x0000000087300000, 0x0000000087300000, 0x0000000087400000|  0%| F|  |TAMS 0x0000000087300000| PB 0x0000000087300000| Untracked 
|  44|0x0000000087400000, 0x0000000087400000, 0x0000000087500000|  0%| F|  |TAMS 0x0000000087400000| PB 0x0000000087400000| Untracked 
|  45|0x0000000087500000, 0x0000000087500000, 0x0000000087600000|  0%| F|  |TAMS 0x0000000087500000| PB 0x0000000087500000| Untracked 
|  46|0x0000000087600000, 0x0000000087600000, 0x0000000087700000|  0%| F|  |TAMS 0x0000000087600000| PB 0x0000000087600000| Untracked 
|  47|0x0000000087700000, 0x0000000087700000, 0x0000000087800000|  0%| F|  |TAMS 0x0000000087700000| PB 0x0000000087700000| Untracked 
|  48|0x0000000087800000, 0x0000000087800000, 0x0000000087900000|  0%| F|  |TAMS 0x0000000087800000| PB 0x0000000087800000| Untracked 
|  49|0x0000000087900000, 0x0000000087900000, 0x0000000087a00000|  0%| F|  |TAMS 0x0000000087900000| PB 0x0000000087900000| Untracked 
|  50|0x0000000087a00000, 0x0000000087a00000, 0x0000000087b00000|  0%| F|  |TAMS 0x0000000087a00000| PB 0x0000000087a00000| Untracked 
|  51|0x0000000087b00000, 0x0000000087b00000, 0x0000000087c00000|  0%| F|  |TAMS 0x0000000087b00000| PB 0x0000000087b00000| Untracked 
|  52|0x0000000087c00000, 0x0000000087c00000, 0x0000000087d00000|  0%| F|  |TAMS 0x0000000087c00000| PB 0x0000000087c00000| Untracked 
|  53|0x0000000087d00000, 0x0000000087d00000, 0x0000000087e00000|  0%| F|  |TAMS 0x0000000087d00000| PB 0x0000000087d00000| Untracked 
|  54|0x0000000087e00000, 0x0000000087e00000, 0x0000000087f00000|  0%| F|  |TAMS 0x0000000087e00000| PB 0x0000000087e00000| Untracked 
|  55|0x0000000087f00000, 0x0000000087f00000, 0x0000000088000000|  0%| F|  |TAMS 0x0000000087f00000| PB 0x0000000087f00000| Untracked 
|  56|0x0000000088000000, 0x0000000088000000, 0x0000000088100000|  0%| F|  |TAMS 0x0000000088000000| PB 0x0000000088000000| Untracked 
|  57|0x0000000088100000, 0x0000000088100000, 0x0000000088200000|  0%| F|  |TAMS 0x0000000088100000| PB 0x0000000088100000| Untracked 
|  58|0x0000000088200000, 0x0000000088200000, 0x0000000088300000|  0%| F|  |TAMS 0x0000000088200000| PB 0x0000000088200000| Untracked 
|  59|0x0000000088300000, 0x0000000088300000, 0x0000000088400000|  0%| F|  |TAMS 0x0000000088300000| PB 0x0000000088300000| Untracked 
|  60|0x0000000088400000, 0x0000000088400000, 0x0000000088500000|  0%| F|  |TAMS 0x0000000088400000| PB 0x0000000088400000| Untracked 
|  61|0x0000000088500000, 0x0000000088500000, 0x0000000088600000|  0%| F|  |TAMS 0x0000000088500000| PB 0x0000000088500000| Untracked 
|  62|0x0000000088600000, 0x0000000088600000, 0x0000000088700000|  0%| F|  |TAMS 0x0000000088600000| PB 0x0000000088600000| Untracked 
|  63|0x0000000088700000, 0x0000000088700000, 0x0000000088800000|  0%| F|  |TAMS 0x0000000088700000| PB 0x0000000088700000| Untracked 
|  64|0x0000000088800000, 0x0000000088800000, 0x0000000088900000|  0%| F|  |TAMS 0x0000000088800000| PB 0x0000000088800000| Untracked 
|  65|0x0000000088900000, 0x0000000088900000, 0x0000000088a00000|  0%| F|  |TAMS 0x0000000088900000| PB 0x0000000088900000| Untracked 
|  66|0x0000000088a00000, 0x0000000088a00000, 0x0000000088b00000|  0%| F|  |TAMS 0x0000000088a00000| PB 0x0000000088a00000| Untracked 
|  67|0x0000000088b00000, 0x0000000088b00000, 0x0000000088c00000|  0%| F|  |TAMS 0x0000000088b00000| PB 0x0000000088b00000| Untracked 
|  68|0x0000000088c00000, 0x0000000088c00000, 0x0000000088d00000|  0%| F|  |TAMS 0x0000000088c00000| PB 0x0000000088c00000| Untracked 
|  69|0x0000000088d00000, 0x0000000088d00000, 0x0000000088e00000|  0%| F|  |TAMS 0x0000000088d00000| PB 0x0000000088d00000| Untracked 
|  70|0x0000000088e00000, 0x0000000088e00000, 0x0000000088f00000|  0%| F|  |TAMS 0x0000000088e00000| PB 0x0000000088e00000| Untracked 
|  71|0x0000000088f00000, 0x0000000088f00000, 0x0000000089000000|  0%| F|  |TAMS 0x0000000088f00000| PB 0x0000000088f00000| Untracked 
|  72|0x0000000089000000, 0x0000000089000000, 0x0000000089100000|  0%| F|  |TAMS 0x0000000089000000| PB 0x0000000089000000| Untracked 
|  73|0x0000000089100000, 0x0000000089100000, 0x0000000089200000|  0%| F|  |TAMS 0x0000000089100000| PB 0x0000000089100000| Untracked 
|  74|0x0000000089200000, 0x0000000089200000, 0x0000000089300000|  0%| F|  |TAMS 0x0000000089200000| PB 0x0000000089200000| Untracked 
|  75|0x0000000089300000, 0x0000000089300000, 0x0000000089400000|  0%| F|  |TAMS 0x0000000089300000| PB 0x0000000089300000| Untracked 
|  76|0x0000000089400000, 0x0000000089400000, 0x0000000089500000|  0%| F|  |TAMS 0x0000000089400000| PB 0x0000000089400000| Untracked 
|  77|0x0000000089500000, 0x0000000089500000, 0x0000000089600000|  0%| F|  |TAMS 0x0000000089500000| PB 0x0000000089500000| Untracked 
|  78|0x0000000089600000, 0x0000000089600000, 0x0000000089700000|  0%| F|  |TAMS 0x0000000089600000| PB 0x0000000089600000| Untracked 
|  79|0x0000000089700000, 0x0000000089700000, 0x0000000089800000|  0%| F|  |TAMS 0x0000000089700000| PB 0x0000000089700000| Untracked 
|  80|0x0000000089800000, 0x0000000089800000, 0x0000000089900000|  0%| F|  |TAMS 0x0000000089800000| PB 0x0000000089800000| Untracked 
|  81|0x0000000089900000, 0x0000000089900000, 0x0000000089a00000|  0%| F|  |TAMS 0x0000000089900000| PB 0x0000000089900000| Untracked 
|  82|0x0000000089a00000, 0x0000000089a00000, 0x0000000089b00000|  0%| F|  |TAMS 0x0000000089a00000| PB 0x0000000089a00000| Untracked 
|  83|0x0000000089b00000, 0x0000000089b00000, 0x0000000089c00000|  0%| F|  |TAMS 0x0000000089b00000| PB 0x0000000089b00000| Untracked 
|  84|0x0000000089c00000, 0x0000000089c00000, 0x0000000089d00000|  0%| F|  |TAMS 0x0000000089c00000| PB 0x0000000089c00000| Untracked 
|  85|0x0000000089d00000, 0x0000000089d00000, 0x0000000089e00000|  0%| F|  |TAMS 0x0000000089d00000| PB 0x0000000089d00000| Untracked 
|  86|0x0000000089e00000, 0x0000000089e00000, 0x0000000089f00000|  0%| F|  |TAMS 0x0000000089e00000| PB 0x0000000089e00000| Untracked 
|  87|0x0000000089f00000, 0x0000000089f00000, 0x000000008a000000|  0%| F|  |TAMS 0x0000000089f00000| PB 0x0000000089f00000| Untracked 
|  88|0x000000008a000000, 0x000000008a000000, 0x000000008a100000|  0%| F|  |TAMS 0x000000008a000000| PB 0x000000008a000000| Untracked 
|  89|0x000000008a100000, 0x000000008a100000, 0x000000008a200000|  0%| F|  |TAMS 0x000000008a100000| PB 0x000000008a100000| Untracked 
|  90|0x000000008a200000, 0x000000008a200000, 0x000000008a300000|  0%| F|  |TAMS 0x000000008a200000| PB 0x000000008a200000| Untracked 
|  91|0x000000008a300000, 0x000000008a300000, 0x000000008a400000|  0%| F|  |TAMS 0x000000008a300000| PB 0x000000008a300000| Untracked 
|  92|0x000000008a400000, 0x000000008a400000, 0x000000008a500000|  0%| F|  |TAMS 0x000000008a400000| PB 0x000000008a400000| Untracked 
|  93|0x000000008a500000, 0x000000008a500000, 0x000000008a600000|  0%| F|  |TAMS 0x000000008a500000| PB 0x000000008a500000| Untracked 
|  94|0x000000008a600000, 0x000000008a600000, 0x000000008a700000|  0%| F|  |TAMS 0x000000008a600000| PB 0x000000008a600000| Untracked 
|  95|0x000000008a700000, 0x000000008a700000, 0x000000008a800000|  0%| F|  |TAMS 0x000000008a700000| PB 0x000000008a700000| Untracked 
|  96|0x000000008a800000, 0x000000008a800000, 0x000000008a900000|  0%| F|  |TAMS 0x000000008a800000| PB 0x000000008a800000| Untracked 
|  97|0x000000008a900000, 0x000000008a900000, 0x000000008aa00000|  0%| F|  |TAMS 0x000000008a900000| PB 0x000000008a900000| Untracked 
|  98|0x000000008aa00000, 0x000000008aa00000, 0x000000008ab00000|  0%| F|  |TAMS 0x000000008aa00000| PB 0x000000008aa00000| Untracked 
|  99|0x000000008ab00000, 0x000000008ab00000, 0x000000008ac00000|  0%| F|  |TAMS 0x000000008ab00000| PB 0x000000008ab00000| Untracked 
| 100|0x000000008ac00000, 0x000000008ac00000, 0x000000008ad00000|  0%| F|  |TAMS 0x000000008ac00000| PB 0x000000008ac00000| Untracked 
| 101|0x000000008ad00000, 0x000000008ad00000, 0x000000008ae00000|  0%| F|  |TAMS 0x000000008ad00000| PB 0x000000008ad00000| Untracked 
| 102|0x000000008ae00000, 0x000000008ae00000, 0x000000008af00000|  0%| F|  |TAMS 0x000000008ae00000| PB 0x000000008ae00000| Untracked 
| 103|0x000000008af00000, 0x000000008af00000, 0x000000008b000000|  0%| F|  |TAMS 0x000000008af00000| PB 0x000000008af00000| Untracked 
| 104|0x000000008b000000, 0x000000008b000000, 0x000000008b100000|  0%| F|  |TAMS 0x000000008b000000| PB 0x000000008b000000| Untracked 
| 105|0x000000008b100000, 0x000000008b100000, 0x000000008b200000|  0%| F|  |TAMS 0x000000008b100000| PB 0x000000008b100000| Untracked 
| 106|0x000000008b200000, 0x000000008b200000, 0x000000008b300000|  0%| F|  |TAMS 0x000000008b200000| PB 0x000000008b200000| Untracked 
| 107|0x000000008b300000, 0x000000008b300000, 0x000000008b400000|  0%| F|  |TAMS 0x000000008b300000| PB 0x000000008b300000| Untracked 
| 108|0x000000008b400000, 0x000000008b400000, 0x000000008b500000|  0%| F|  |TAMS 0x000000008b400000| PB 0x000000008b400000| Untracked 
| 109|0x000000008b500000, 0x000000008b500000, 0x000000008b600000|  0%| F|  |TAMS 0x000000008b500000| PB 0x000000008b500000| Untracked 
| 110|0x000000008b600000, 0x000000008b600000, 0x000000008b700000|  0%| F|  |TAMS 0x000000008b600000| PB 0x000000008b600000| Untracked 
| 111|0x000000008b700000, 0x000000008b700000, 0x000000008b800000|  0%| F|  |TAMS 0x000000008b700000| PB 0x000000008b700000| Untracked 
| 112|0x000000008b800000, 0x000000008b800000, 0x000000008b900000|  0%| F|  |TAMS 0x000000008b800000| PB 0x000000008b800000| Untracked 
| 113|0x000000008b900000, 0x000000008b900000, 0x000000008ba00000|  0%| F|  |TAMS 0x000000008b900000| PB 0x000000008b900000| Untracked 
| 114|0x000000008ba00000, 0x000000008ba00800, 0x000000008bb00000|  0%| E|  |TAMS 0x000000008ba00000| PB 0x000000008ba00000| Complete 
| 115|0x000000008bb00000, 0x000000008bc00000, 0x000000008bc00000|100%| E|CS|TAMS 0x000000008bb00000| PB 0x000000008bb00000| Complete 
| 116|0x000000008bc00000, 0x000000008bd00000, 0x000000008bd00000|100%| E|CS|TAMS 0x000000008bc00000| PB 0x000000008bc00000| Complete 
| 117|0x000000008bd00000, 0x000000008be00000, 0x000000008be00000|100%| E|CS|TAMS 0x000000008bd00000| PB 0x000000008bd00000| Complete 
| 118|0x000000008be00000, 0x000000008bf00000, 0x000000008bf00000|100%| E|CS|TAMS 0x000000008be00000| PB 0x000000008be00000| Complete 
| 119|0x000000008bf00000, 0x000000008c000000, 0x000000008c000000|100%| E|CS|TAMS 0x000000008bf00000| PB 0x000000008bf00000| Complete 
| 120|0x000000008c000000, 0x000000008c100000, 0x000000008c100000|100%| E|CS|TAMS 0x000000008c000000| PB 0x000000008c000000| Complete 
| 121|0x000000008c100000, 0x000000008c200000, 0x000000008c200000|100%| E|CS|TAMS 0x000000008c100000| PB 0x000000008c100000| Complete 
| 122|0x000000008c200000, 0x000000008c300000, 0x000000008c300000|100%| E|CS|TAMS 0x000000008c200000| PB 0x000000008c200000| Complete 
| 123|0x000000008c300000, 0x000000008c400000, 0x000000008c400000|100%| E|CS|TAMS 0x000000008c300000| PB 0x000000008c300000| Complete 

Card table byte_map: [0x000002795f920000,0x000002795fd00000] _byte_map_base: 0x000002795f4fc000

Marking Bits: (CMBitMap*) 0x0000027947e026f0
 Bits: [0x000002795fd00000, 0x0000027961be0000)

Polling page: 0x0000027945d10000

Metaspace:

Usage:
  Non-class:      6.83 MB used.
      Class:    872.72 KB used.
       Both:      7.68 MB used.

Virtual space:
  Non-class space:       64.00 MB reserved,       6.94 MB ( 11%) committed,  1 nodes.
      Class space:        1.00 GB reserved,     960.00 KB ( <1%) committed,  1 nodes.
             Both:        1.06 GB reserved,       7.88 MB ( <1%) committed. 

Chunk freelists:
   Non-Class:  8.92 MB
       Class:  14.97 MB
        Both:  23.89 MB

MaxMetaspaceSize: unlimited
CompressedClassSpaceSize: 1.00 GB
Initial GC threshold: 21.00 MB
Current GC threshold: 21.00 MB
CDS: on
 - commit_granule_bytes: 65536.
 - commit_granule_words: 8192.
 - virtual_space_node_default_size: 8388608.
 - enlarge_chunks_in_place: 1.
 - use_allocation_guard: 0.


Internal statistics:

num_allocs_failed_limit: 0.
num_arena_births: 136.
num_arena_deaths: 0.
num_vsnodes_births: 2.
num_vsnodes_deaths: 0.
num_space_committed: 126.
num_space_uncommitted: 0.
num_chunks_returned_to_freelist: 0.
num_chunks_taken_from_freelist: 180.
num_chunk_merges: 0.
num_chunk_splits: 106.
num_chunks_enlarged: 52.
num_inconsistent_stats: 0.

CodeHeap 'non-profiled nmethods': size=120000Kb used=271Kb max_used=271Kb free=119728Kb
 bounds [0x0000027957ce0000, 0x0000027957f50000, 0x000002795f210000]
CodeHeap 'profiled nmethods': size=120000Kb used=1294Kb max_used=1294Kb free=118705Kb
 bounds [0x0000027950210000, 0x0000027950480000, 0x0000027957740000]
CodeHeap 'non-nmethods': size=5760Kb used=1667Kb max_used=1682Kb free=4093Kb
 bounds [0x0000027957740000, 0x00000279579b0000, 0x0000027957ce0000]
 total_blobs=1449 nmethods=870 adapters=484
 compilation: enabled
              stopped_count=0, restarted_count=0
 full_count=0

Compilation events (20 events):
Event: 0.470 Thread 0x000002796460de90 nmethod 861 0x000002795034a990 code [0x000002795034ab20, 0x000002795034ac30]
Event: 0.470 Thread 0x000002796460de90  862       3       jdk.internal.org.objectweb.asm.MethodWriter::computeMethodInfoSize (571 bytes)
Event: 0.471 Thread 0x0000027964816970  866       4       jdk.internal.misc.Unsafe::putReferenceRelease (9 bytes)
Event: 0.472 Thread 0x000002796460de90 nmethod 862 0x000002795034ac90 code [0x000002795034afc0, 0x000002795034bef0]
Event: 0.472 Thread 0x000002796460de90  863       3       jdk.internal.org.objectweb.asm.MethodWriter::hasFrames (13 bytes)
Event: 0.472 Thread 0x000002796460de90 nmethod 863 0x000002795034c590 code [0x000002795034c720, 0x000002795034c890]
Event: 0.472 Thread 0x000002796460de90  864       3       jdk.internal.org.objectweb.asm.MethodWriter::putMethodInfo (1274 bytes)
Event: 0.474 Thread 0x0000027964816970 nmethod 866 0x0000027957d23190 code [0x0000027957d23320, 0x0000027957d23478]
Event: 0.476 Thread 0x000002796460de90 nmethod 864 0x000002795034c910 code [0x000002795034d040, 0x000002795034f960]
Event: 0.476 Thread 0x000002796460de90  865       3       jdk.internal.org.objectweb.asm.Handler::putExceptionTable (63 bytes)
Event: 0.476 Thread 0x000002796460de90 nmethod 865 0x0000027950350c90 code [0x0000027950350ec0, 0x0000027950351370]
Event: 0.477 Thread 0x000002796460de90  867   !   3       java.nio.DirectIntBufferU::get (34 bytes)
Event: 0.477 Thread 0x000002796460b690 nmethod 853 0x0000027957d23510 code [0x0000027957d236c0, 0x0000027957d23c70]
Event: 0.478 Thread 0x000002796460de90 nmethod 867 0x0000027950351610 code [0x0000027950351880, 0x0000027950352208]
Event: 0.478 Thread 0x000002796460de90  868       3       java.nio.DirectIntBufferU::ix (10 bytes)
Event: 0.478 Thread 0x000002796460de90 nmethod 868 0x0000027950352710 code [0x00000279503528a0, 0x00000279503529c0]
Event: 0.478 Thread 0x000002796460de90  869   !   3       jdk.internal.misc.ScopedMemoryAccess::getInt (16 bytes)
Event: 0.478 Thread 0x000002796460de90 nmethod 869 0x0000027950352a90 code [0x0000027950352c80, 0x00000279503530d0]
Event: 0.478 Thread 0x000002796460de90  870   !   3       jdk.internal.misc.ScopedMemoryAccess::getIntInternal (34 bytes)
Event: 0.478 Thread 0x000002796460de90 nmethod 870 0x0000027950353310 code [0x00000279503534e0, 0x00000279503537e0]

GC Heap History (0 events):
No events

Dll operation events (10 events):
Event: 0.011 Loaded shared library C:\Program Files\Java\jdk-21\bin\java.dll
Event: 0.053 Loaded shared library C:\Program Files\Java\jdk-21\bin\jsvml.dll
Event: 0.094 Loaded shared library C:\Program Files\Java\jdk-21\bin\net.dll
Event: 0.096 Loaded shared library C:\Program Files\Java\jdk-21\bin\nio.dll
Event: 0.103 Loaded shared library C:\Program Files\Java\jdk-21\bin\zip.dll
Event: 0.166 Loaded shared library C:\Program Files\Java\jdk-21\bin\jimage.dll
Event: 0.214 Loaded shared library C:\Program Files\Java\jdk-21\bin\awt.dll
Event: 0.377 Loaded shared library C:\Program Files\Java\jdk-21\bin\freetype.dll
Event: 0.380 Loaded shared library C:\Program Files\Java\jdk-21\bin\fontmanager.dll
Event: 0.447 Loaded shared library C:\Program Files\Java\jdk-21\bin\extnet.dll

Deoptimization events (20 events):
Event: 0.359 Thread 0x00000279649ce140 Uncommon trap: trap_request=0xffffffde fr.pc=0x0000027957cef3c8 relative=0x00000000000001a8
Event: 0.359 Thread 0x00000279649ce140 Uncommon trap: reason=class_check action=maybe_recompile pc=0x0000027957cef3c8 method=java.lang.String.equals(Ljava/lang/Object;)Z @ 8 c2
Event: 0.359 Thread 0x00000279649ce140 DEOPT PACKING pc=0x0000027957cef3c8 sp=0x000000a1e63fe010
Event: 0.359 Thread 0x00000279649ce140 DEOPT UNPACKING pc=0x0000027957797da2 sp=0x000000a1e63fdfa8 mode 2
Event: 0.359 Thread 0x00000279649ce140 Uncommon trap: trap_request=0xffffffde fr.pc=0x0000027957cef3c8 relative=0x00000000000001a8
Event: 0.359 Thread 0x00000279649ce140 Uncommon trap: reason=class_check action=maybe_recompile pc=0x0000027957cef3c8 method=java.lang.String.equals(Ljava/lang/Object;)Z @ 8 c2
Event: 0.359 Thread 0x00000279649ce140 DEOPT PACKING pc=0x0000027957cef3c8 sp=0x000000a1e63fdf30
Event: 0.359 Thread 0x00000279649ce140 DEOPT UNPACKING pc=0x0000027957797da2 sp=0x000000a1e63fdec8 mode 2
Event: 0.359 Thread 0x00000279649ce140 Uncommon trap: trap_request=0xffffffde fr.pc=0x0000027957cef3c8 relative=0x00000000000001a8
Event: 0.359 Thread 0x00000279649ce140 Uncommon trap: reason=class_check action=maybe_recompile pc=0x0000027957cef3c8 method=java.lang.String.equals(Ljava/lang/Object;)Z @ 8 c2
Event: 0.359 Thread 0x00000279649ce140 DEOPT PACKING pc=0x0000027957cef3c8 sp=0x000000a1e63fdff0
Event: 0.359 Thread 0x00000279649ce140 DEOPT UNPACKING pc=0x0000027957797da2 sp=0x000000a1e63fdf88 mode 2
Event: 0.359 Thread 0x00000279649ce140 Uncommon trap: trap_request=0xffffffde fr.pc=0x0000027957cef3c8 relative=0x00000000000001a8
Event: 0.359 Thread 0x00000279649ce140 Uncommon trap: reason=class_check action=maybe_recompile pc=0x0000027957cef3c8 method=java.lang.String.equals(Ljava/lang/Object;)Z @ 8 c2
Event: 0.359 Thread 0x00000279649ce140 DEOPT PACKING pc=0x0000027957cef3c8 sp=0x000000a1e63fdf10
Event: 0.359 Thread 0x00000279649ce140 DEOPT UNPACKING pc=0x0000027957797da2 sp=0x000000a1e63fdea8 mode 2
Event: 0.429 Thread 0x00000279649ce140 Uncommon trap: trap_request=0xffffff45 fr.pc=0x0000027957d18f28 relative=0x0000000000000188
Event: 0.429 Thread 0x00000279649ce140 Uncommon trap: reason=unstable_if action=reinterpret pc=0x0000027957d18f28 method=java.lang.String.equals(Ljava/lang/Object;)Z @ 33 c2
Event: 0.429 Thread 0x00000279649ce140 DEOPT PACKING pc=0x0000027957d18f28 sp=0x000000a1e63fe8f0
Event: 0.429 Thread 0x00000279649ce140 DEOPT UNPACKING pc=0x0000027957797da2 sp=0x000000a1e63fe880 mode 2

Classes loaded (20 events):
Event: 0.469 Loading class java/util/concurrent/RejectedExecutionHandler done
Event: 0.469 Loading class java/util/concurrent/ThreadPoolExecutor$AbortPolicy done
Event: 0.469 Loading class java/util/concurrent/LinkedBlockingQueue
Event: 0.470 Loading class java/util/concurrent/LinkedBlockingQueue done
Event: 0.470 Loading class java/util/concurrent/LinkedBlockingQueue$Node
Event: 0.470 Loading class java/util/concurrent/LinkedBlockingQueue$Node done
Event: 0.471 Loading class java/util/concurrent/ThreadPoolExecutor$Worker
Event: 0.471 Loading class java/util/concurrent/ThreadPoolExecutor$Worker done
Event: 0.478 Loading class sun/net/www/protocol/jar/JarURLConnection
Event: 0.478 Loading class java/net/JarURLConnection
Event: 0.478 Loading class java/net/URLConnection
Event: 0.478 Loading class java/net/URLConnection done
Event: 0.478 Loading class java/net/JarURLConnection done
Event: 0.478 Loading class sun/net/www/protocol/jar/JarURLConnection done
Event: 0.479 Loading class sun/net/www/protocol/jar/JarFileFactory
Event: 0.479 Loading class sun/net/www/protocol/jar/URLJarFile$URLJarFileCloseController
Event: 0.479 Loading class sun/net/www/protocol/jar/URLJarFile$URLJarFileCloseController done
Event: 0.479 Loading class sun/net/www/protocol/jar/JarFileFactory done
Event: 0.479 Loading class sun/net/www/protocol/file/FileURLConnection
Event: 0.479 Loading class sun/net/www/URLConnection

Classes unloaded (0 events):
No events

Classes redefined (0 events):
No events

Internal exceptions (17 events):
Event: 0.134 Thread 0x0000027945ad7430 Exception <a 'java/lang/NoSuchMethodError'{0x000000008c000bf0}: 'void java.lang.invoke.DirectMethodHandle$Holder.invokeSpecial(java.lang.Object, java.lang.Object, java.lang.Object)'> (0x000000008c000bf0) 
thrown [s\open\src\hotspot\share\interpreter\linkResolver.cpp, line 773]
Event: 0.137 Thread 0x0000027945ad7430 Exception <a 'java/lang/NoSuchMethodError'{0x000000008c012be8}: 'void java.lang.invoke.DirectMethodHandle$Holder.invokeSpecial(java.lang.Object, java.lang.Object, java.lang.Object, java.lang.Object, java.lang.Object)'> (0x000000008c012be8) 
thrown [s\open\src\hotspot\share\interpreter\linkResolver.cpp, line 773]
Event: 0.140 Thread 0x0000027945ad7430 Exception <a 'java/lang/NoSuchMethodError'{0x000000008c021d48}: 'java.lang.Object java.lang.invoke.DirectMethodHandle$Holder.invokeInterface(java.lang.Object, java.lang.Object)'> (0x000000008c021d48) 
thrown [s\open\src\hotspot\share\interpreter\linkResolver.cpp, line 773]
Event: 0.141 Thread 0x0000027945ad7430 Exception <a 'java/lang/IncompatibleClassChangeError'{0x000000008c024fb0}: Found class java.lang.Object, but interface was expected> (0x000000008c024fb0) 
thrown [s\open\src\hotspot\share\interpreter\linkResolver.cpp, line 840]
Event: 0.142 Thread 0x0000027945ad7430 Exception <a 'java/lang/NoSuchMethodError'{0x000000008c027850}: 'void java.lang.invoke.DirectMethodHandle$Holder.invokeStatic(java.lang.Object, java.lang.Object, java.lang.Object, java.lang.Object)'> (0x000000008c027850) 
thrown [s\open\src\hotspot\share\interpreter\linkResolver.cpp, line 773]
Event: 0.175 Thread 0x0000027945ad7430 Exception <a 'java/lang/ClassNotFoundException'{0x000000008c0f1718}: sun/awt/resources/spi/awtProvider> (0x000000008c0f1718) 
thrown [s\open\src\hotspot\share\classfile\systemDictionary.cpp, line 312]
Event: 0.224 Thread 0x0000027945ad7430 Exception <a 'java/io/FileNotFoundException'{0x000000008bf45450}> (0x000000008bf45450) 
thrown [s\open\src\hotspot\share\prims\jni.cpp, line 520]
Event: 0.231 Thread 0x0000027945ad7430 Exception <a 'java/io/FileNotFoundException'{0x000000008bf6f620}> (0x000000008bf6f620) 
thrown [s\open\src\hotspot\share\prims\jni.cpp, line 520]
Event: 0.303 Thread 0x00000279649ce140 Exception <a 'java/lang/NoSuchMethodError'{0x000000008beca520}: 'java.lang.Object java.lang.invoke.DirectMethodHandle$Holder.newInvokeSpecial(java.lang.Object, java.lang.Object, java.lang.Object, java.lang.Object, java.lang.Object)'> (0x000000008beca520) 
thrown [s\open\src\hotspot\share\interpreter\linkResolver.cpp, line 773]
Event: 0.307 Thread 0x00000279649ce140 Exception <a 'java/lang/NoSuchMethodError'{0x000000008bd0a080}: 'java.lang.Object java.lang.invoke.DirectMethodHandle$Holder.invokeStatic(java.lang.Object, int, java.lang.Object)'> (0x000000008bd0a080) 
thrown [s\open\src\hotspot\share\interpreter\linkResolver.cpp, line 773]
Event: 0.321 Thread 0x00000279649ce140 Exception <a 'java/lang/ClassNotFoundException'{0x000000008bc1f278}: com/sun/swing/internal/plaf/metal/resources/spi/metalProvider> (0x000000008bc1f278) 
thrown [s\open\src\hotspot\share\classfile\systemDictionary.cpp, line 312]
Event: 0.322 Thread 0x00000279649ce140 Exception <a 'java/lang/ClassNotFoundException'{0x000000008bc23228}: com/sun/swing/internal/plaf/basic/resources/spi/basicProvider> (0x000000008bc23228) 
thrown [s\open\src\hotspot\share\classfile\systemDictionary.cpp, line 312]
Event: 0.328 Thread 0x00000279649ce140 Implicit null exception at 0x0000027957cf563d to 0x0000027957cf56c1
Event: 0.332 Thread 0x00000279649ce140 Exception <a 'java/lang/NoSuchMethodError'{0x000000008bc421a0}: 'int java.lang.invoke.Invokers$Holder.invokeExact_MT(java.lang.Object, java.lang.Object)'> (0x000000008bc421a0) 
thrown [s\open\src\hotspot\share\interpreter\linkResolver.cpp, line 773]
Event: 0.340 Thread 0x00000279649ce140 Implicit null exception at 0x0000027957d1322d to 0x0000027957d13d14
Event: 0.385 Thread 0x00000279649ce140 Exception <a 'java/io/FileNotFoundException'{0x000000008bc86530}> (0x000000008bc86530) 
thrown [s\open\src\hotspot\share\prims\jni.cpp, line 520]
Event: 0.449 Thread 0x00000279649ce140 Exception <a 'java/lang/NoSuchMethodError'{0x000000008bb08818}: 'void java.lang.invoke.DirectMethodHandle$Holder.invokeStatic(java.lang.Object, java.lang.Object)'> (0x000000008bb08818) 
thrown [s\open\src\hotspot\share\interpreter\linkResolver.cpp, line 773]

ZGC Phase Switch (0 events):
No events

VM Operations (8 events):
Event: 0.104 Executing VM operation: HandshakeAllThreads (Deoptimize)
Event: 0.104 Executing VM operation: HandshakeAllThreads (Deoptimize) done
Event: 0.138 Executing VM operation: HandshakeAllThreads (Deoptimize)
Event: 0.138 Executing VM operation: HandshakeAllThreads (Deoptimize) done
Event: 0.237 Executing VM operation: HandshakeAllThreads (Deoptimize)
Event: 0.237 Executing VM operation: HandshakeAllThreads (Deoptimize) done
Event: 0.338 Executing VM operation: HandshakeAllThreads (Deoptimize)
Event: 0.338 Executing VM operation: HandshakeAllThreads (Deoptimize) done

Events (20 events):
Event: 0.050 Thread 0x00000279645f1850 Thread added: 0x00000279645f1850
Event: 0.050 Thread 0x00000279645f2810 Thread added: 0x00000279645f2810
Event: 0.051 Thread 0x00000279645f5100 Thread added: 0x00000279645f5100
Event: 0.051 Thread 0x00000279645f5c50 Thread added: 0x00000279645f5c50
Event: 0.051 Thread 0x00000279645f6950 Thread added: 0x00000279645f6950
Event: 0.051 Thread 0x00000279645fdcb0 Thread added: 0x00000279645fdcb0
Event: 0.051 Thread 0x000002796460b690 Thread added: 0x000002796460b690
Event: 0.051 Thread 0x000002796460de90 Thread added: 0x000002796460de90
Event: 0.074 Thread 0x000002796471dfb0 Thread added: 0x000002796471dfb0
Event: 0.129 Thread 0x0000027964816970 Thread added: 0x0000027964816970
Event: 0.153 Thread 0x000002796487bf40 Thread added: 0x000002796487bf40
Event: 0.260 Thread 0x000002796901e6b0 Thread added: 0x000002796901e6b0
Event: 0.261 Thread 0x000002796901ed20 Thread added: 0x000002796901ed20
Event: 0.262 Thread 0x000002796901f5b0 Thread added: 0x000002796901f5b0
Event: 0.273 Thread 0x00000279649ce140 Thread added: 0x00000279649ce140
Event: 0.273 Thread 0x0000027945ad7430 Thread exited: 0x0000027945ad7430
Event: 0.273 Thread 0x0000027945ad7430 Thread added: 0x0000027945ad7430
Event: 0.454 Thread 0x00000279691ef140 Thread added: 0x00000279691ef140
Event: 0.456 Thread 0x00000279691ef7b0 Thread added: 0x00000279691ef7b0
Event: 0.471 Thread 0x00000279691effd0 Thread added: 0x00000279691effd0


Dynamic libraries:
0x00007ff77d270000 - 0x00007ff77d280000 	C:\Program Files\Java\jdk-21\bin\javaw.exe
0x00007ffccb210000 - 0x00007ffccb427000 	C:\WINDOWS\SYSTEM32\ntdll.dll
0x00007ffcc9070000 - 0x00007ffcc9134000 	C:\WINDOWS\System32\KERNEL32.DLL
0x00007ffcc8890000 - 0x00007ffcc8c36000 	C:\WINDOWS\System32\KERNELBASE.dll
0x00007ffcc8e40000 - 0x00007ffcc8f51000 	C:\WINDOWS\System32\ucrtbase.dll
0x00007ffcbf700000 - 0x00007ffcbf71b000 	C:\Program Files\Java\jdk-21\bin\VCRUNTIME140.dll
0x00007ffcbf720000 - 0x00007ffcbf739000 	C:\Program Files\Java\jdk-21\bin\jli.dll
0x00007ffcc9f60000 - 0x00007ffcca011000 	C:\WINDOWS\System32\ADVAPI32.dll
0x00007ffcca350000 - 0x00007ffcca3f7000 	C:\WINDOWS\System32\msvcrt.dll
0x00007ffcc9310000 - 0x00007ffcc93b5000 	C:\WINDOWS\System32\sechost.dll
0x00007ffcca020000 - 0x00007ffcca137000 	C:\WINDOWS\System32\RPCRT4.dll
0x00007ffcc9160000 - 0x00007ffcc930e000 	C:\WINDOWS\System32\USER32.dll
0x00007ffcc8d00000 - 0x00007ffcc8d26000 	C:\WINDOWS\System32\win32u.dll
0x00007ffcc9f30000 - 0x00007ffcc9f59000 	C:\WINDOWS\System32\GDI32.dll
0x00007ffcc8580000 - 0x00007ffcc8698000 	C:\WINDOWS\System32\gdi32full.dll
0x00007ffcc7740000 - 0x00007ffcc79d3000 	C:\WINDOWS\WinSxS\amd64_microsoft.windows.common-controls_6595b64144ccf1df_6.0.22621.2506_none_270c5ae97388e100\COMCTL32.dll
0x00007ffcc8d30000 - 0x00007ffcc8dca000 	C:\WINDOWS\System32\msvcp_win.dll
0x00007ffcb7b70000 - 0x00007ffcb7b7a000 	C:\WINDOWS\SYSTEM32\VERSION.dll
0x00007ffccb120000 - 0x00007ffccb151000 	C:\WINDOWS\System32\IMM32.DLL
0x00007ffcbf810000 - 0x00007ffcbf81c000 	C:\Program Files\Java\jdk-21\bin\vcruntime140_1.dll
0x00007ffc38e60000 - 0x00007ffc38eee000 	C:\Program Files\Java\jdk-21\bin\msvcp140.dll
0x00007ffc36150000 - 0x00007ffc36e65000 	C:\Program Files\Java\jdk-21\bin\server\jvm.dll
0x00007ffcc9a40000 - 0x00007ffcc9ab1000 	C:\WINDOWS\System32\WS2_32.dll
0x00007ffcc82a0000 - 0x00007ffcc82ed000 	C:\WINDOWS\SYSTEM32\POWRPROF.dll
0x00007ffcbde90000 - 0x00007ffcbdec4000 	C:\WINDOWS\SYSTEM32\WINMM.dll
0x00007ffcc8280000 - 0x00007ffcc8293000 	C:\WINDOWS\SYSTEM32\UMPDC.dll
0x00007ffcc6cc0000 - 0x00007ffcc6cd8000 	C:\WINDOWS\SYSTEM32\kernel.appcore.dll
0x00007ffcbe6d0000 - 0x00007ffcbe6da000 	C:\Program Files\Java\jdk-21\bin\jimage.dll
0x00007ffcc7e70000 - 0x00007ffcc80a3000 	C:\WINDOWS\SYSTEM32\DBGHELP.DLL
0x00007ffccad90000 - 0x00007ffccb119000 	C:\WINDOWS\System32\combase.dll
0x00007ffcca140000 - 0x00007ffcca217000 	C:\WINDOWS\System32\OLEAUT32.dll
0x00007ffcc7d30000 - 0x00007ffcc7d62000 	C:\WINDOWS\SYSTEM32\dbgcore.DLL
0x00007ffcc86a0000 - 0x00007ffcc871a000 	C:\WINDOWS\System32\bcryptPrimitives.dll
0x00007ffcbe6b0000 - 0x00007ffcbe6cf000 	C:\Program Files\Java\jdk-21\bin\java.dll
0x00007ffcca530000 - 0x00007ffccad8a000 	C:\WINDOWS\System32\SHELL32.dll
0x00007ffcc5c20000 - 0x00007ffcc6516000 	C:\WINDOWS\SYSTEM32\windows.storage.dll
0x00007ffcc5ae0000 - 0x00007ffcc5c1e000 	C:\WINDOWS\SYSTEM32\wintypes.dll
0x00007ffcca220000 - 0x00007ffcca313000 	C:\WINDOWS\System32\SHCORE.dll
0x00007ffcc8f60000 - 0x00007ffcc8fbe000 	C:\WINDOWS\System32\shlwapi.dll
0x00007ffcc84b0000 - 0x00007ffcc84d6000 	C:\WINDOWS\SYSTEM32\profapi.dll
0x00007ffc38d80000 - 0x00007ffc38e57000 	C:\Program Files\Java\jdk-21\bin\jsvml.dll
0x00007ffcbe6a0000 - 0x00007ffcbe6b0000 	C:\Program Files\Java\jdk-21\bin\net.dll
0x00007ffcc5290000 - 0x00007ffcc53c7000 	C:\WINDOWS\SYSTEM32\WINHTTP.dll
0x00007ffcc7160000 - 0x00007ffcc71c9000 	C:\WINDOWS\system32\mswsock.dll
0x00007ffcbdbb0000 - 0x00007ffcbdbc6000 	C:\Program Files\Java\jdk-21\bin\nio.dll
0x00007ffcbdb90000 - 0x00007ffcbdba8000 	C:\Program Files\Java\jdk-21\bin\zip.dll
0x00007ffc80f90000 - 0x00007ffc8111f000 	C:\Program Files\Java\jdk-21\bin\awt.dll
0x00007ffcc4650000 - 0x00007ffcc46e7000 	C:\WINDOWS\SYSTEM32\apphelp.dll
0x00007ffcc4cd0000 - 0x00007ffcc4d7b000 	C:\WINDOWS\system32\uxtheme.dll
0x00007ffcc9bc0000 - 0x00007ffcc9d10000 	C:\WINDOWS\System32\MSCTF.dll
0x00007ffcc9420000 - 0x00007ffcc95c0000 	C:\WINDOWS\System32\ole32.dll
0x00007ffcc5080000 - 0x00007ffcc50ab000 	C:\WINDOWS\system32\DWMAPI.DLL
0x00007ffc9d750000 - 0x00007ffc9d850000 	C:\WINDOWS\system32\opengl32.dll
0x00007ffc9dd10000 - 0x00007ffc9dd3d000 	C:\WINDOWS\SYSTEM32\GLU32.dll
0x00007ffcc4f30000 - 0x00007ffcc4f66000 	C:\WINDOWS\SYSTEM32\dxcore.dll
0x00007ffc81dd0000 - 0x00007ffc81e57000 	C:\Program Files\Java\jdk-21\bin\freetype.dll
0x00007ffc81400000 - 0x00007ffc814d3000 	C:\Program Files\Java\jdk-21\bin\fontmanager.dll
0x00007ffcc6840000 - 0x00007ffcc6939000 	C:\WINDOWS\SYSTEM32\DNSAPI.dll
0x00007ffcc67c0000 - 0x00007ffcc67ed000 	C:\WINDOWS\SYSTEM32\IPHLPAPI.DLL
0x00007ffcc9d60000 - 0x00007ffcc9d69000 	C:\WINDOWS\System32\NSI.dll
0x00007ffcb8160000 - 0x00007ffcb816a000 	C:\Windows\System32\rasadhlp.dll
0x00007ffcbb730000 - 0x00007ffcbb7b3000 	C:\WINDOWS\System32\fwpuclnt.dll
0x00007ffcaace0000 - 0x00007ffcaace7000 	C:\Program Files\Java\jdk-21\bin\extnet.dll

dbghelp: loaded successfully - version: 4.0.5 - missing functions: none
symbol engine: initialized successfully - sym options: 0x614 - pdb path: .;C:\Program Files\Java\jdk-21\bin;C:\WINDOWS\SYSTEM32;C:\WINDOWS\WinSxS\amd64_microsoft.windows.common-controls_6595b64144ccf1df_6.0.22621.2506_none_270c5ae97388e100;C:\Program Files\Java\jdk-21\bin\server

VM Arguments:
jvm_args: -Dfile.encoding=UTF-8 -Dstdout.encoding=UTF-8 -Dstderr.encoding=UTF-8 --module-path=C:\Users\sssss\Downloads\mysql-connector-j-8.2.0.jar -XX:+ShowCodeDetailsInExceptionMessages 
java_command: ChatClient
java_class_path (initial): C:\Users\sssss\git\Hansung\bin
Launcher Type: SUN_STANDARD

[Global flags]
     intx CICompilerCount                          = 4                                         {product} {ergonomic}
     uint ConcGCThreads                            = 2                                         {product} {ergonomic}
     uint G1ConcRefinementThreads                  = 8                                         {product} {ergonomic}
   size_t G1HeapRegionSize                         = 1048576                                   {product} {ergonomic}
    uintx GCDrainStackTargetSize                   = 64                                        {product} {ergonomic}
   size_t InitialHeapSize                          = 130023424                                 {product} {ergonomic}
   size_t MarkStackSize                            = 4194304                                   {product} {ergonomic}
   size_t MaxHeapSize                              = 2071986176                                {product} {ergonomic}
   size_t MaxNewSize                               = 1242562560                                {product} {ergonomic}
   size_t MinHeapDeltaBytes                        = 1048576                                   {product} {ergonomic}
   size_t MinHeapSize                              = 8388608                                   {product} {ergonomic}
    uintx NonNMethodCodeHeapSize                   = 5839372                                {pd product} {ergonomic}
    uintx NonProfiledCodeHeapSize                  = 122909434                              {pd product} {ergonomic}
    uintx ProfiledCodeHeapSize                     = 122909434                              {pd product} {ergonomic}
    uintx ReservedCodeCacheSize                    = 251658240                              {pd product} {ergonomic}
     bool SegmentedCodeCache                       = true                                      {product} {ergonomic}
     bool ShowCodeDetailsInExceptionMessages       = true                                   {manageable} {command line}
   size_t SoftMaxHeapSize                          = 2071986176                             {manageable} {ergonomic}
     bool UseCompressedOops                        = true                           {product lp64_product} {ergonomic}
     bool UseG1GC                                  = true                                      {product} {ergonomic}
     bool UseLargePagesIndividualAllocation        = false                                  {pd product} {ergonomic}

Logging:
Log output configuration:
 #0: stdout all=warning uptime,level,tags foldmultilines=false
 #1: stderr all=off uptime,level,tags foldmultilines=false

Environment Variables:
JAVA_HOME=C:\Program Files\Java\jdk-21
PATH=C:\Program Files\Common Files\Oracle\Java\javapath;C:\Program Files\Java\jdk-21\bin;C:\WINDOWS\system32;C:\WINDOWS;C:\WINDOWS\System32\Wbem;C:\WINDOWS\System32\WindowsPowerShell\v1.0\;C:\WINDOWS\System32\OpenSSH\;C:\Program Files\nodejs\;C:\flutter\bin;C:\Program Files\Microsoft SQL Server\150\Tools\Binn\;C:\Program Files\Microsoft SQL Server\Client SDK\ODBC\170\Tools\Binn\;C:\Program Files (x86)\Windows Kits\10\Windows Performance Toolkit\;C:\Users\sssss\AppData\Local\Android\Sdk;C:\Users\sssss\AppData\Local\Android\Sdk\platform-tools;C:\Program Files\Git\cmd;C:\Program Files\MySQL\MySQL Server 8.2\bin;C:\Users\sssss\AppData\Local\Programs\Python\Python312\Scripts\;C:\Users\sssss\AppData\Local\Programs\Python\Python312\;C:\Users\sssss\AppData\Local\Microsoft\WindowsApps;C:\Users\sssss\AppData\Local\Programs\Microsoft VS Code\bin;C:\Users\sssss\AppData\Local\GitHubDesktop\bin;C:\Users\sssss\AppData\Roaming\npm
USERNAME=sssss
OS=Windows_NT
PROCESSOR_IDENTIFIER=Intel64 Family 6 Model 126 Stepping 5, GenuineIntel
TMP=C:\Users\sssss\AppData\Local\Temp
TEMP=C:\Users\sssss\AppData\Local\Temp




Periodic native trim disabled

---------------  S Y S T E M  ---------------

OS:
 Windows 11 , 64 bit Build 22621 (10.0.22621.2506)
OS uptime: 1 days 23:14 hours

CPU: total 8 (initial active 8) (4 cores per cpu, 2 threads per core) family 6 model 126 stepping 5 microcode 0x96, cx8, cmov, fxsr, ht, mmx, 3dnowpref, sse, sse2, sse3, ssse3, sse4.1, sse4.2, popcnt, lzcnt, tsc, tscinvbit, avx, avx2, aes, erms, clmul, bmi1, bmi2, adx, avx512f, avx512dq, avx512cd, avx512bw, avx512vl, sha, fma, vzeroupper, avx512_vpopcntdq, avx512_vpclmulqdq, avx512_vaes, avx512_vnni, clflush, clflushopt, avx512_vbmi2, avx512_vbmi, rdtscp, rdpid, fsrm, gfni, avx512_bitalg, f16c, pku, avx512_ifma
Processor Information for processor 0
  Max Mhz: 1498, Current Mhz: 1298, Mhz Limit: 1288
Processor Information for processor 1
  Max Mhz: 1498, Current Mhz: 1298, Mhz Limit: 1288
Processor Information for processor 2
  Max Mhz: 1498, Current Mhz: 1298, Mhz Limit: 1288
Processor Information for processor 3
  Max Mhz: 1498, Current Mhz: 998, Mhz Limit: 1288
Processor Information for processor 4
  Max Mhz: 1498, Current Mhz: 1298, Mhz Limit: 1288
Processor Information for processor 5
  Max Mhz: 1498, Current Mhz: 1298, Mhz Limit: 1288
Processor Information for processor 6
  Max Mhz: 1498, Current Mhz: 1298, Mhz Limit: 1288
Processor Information for processor 7
  Max Mhz: 1498, Current Mhz: 1298, Mhz Limit: 1288

Memory: 4k page, system-wide physical 7901M (457M free)
TotalPageFile size 32477M (AvailPageFile size 3M)
current process WorkingSet (physical memory assigned to process): 61M, peak: 61M
current process commit charge ("private bytes"): 218M, peak: 218M

vm_info: Java HotSpot(TM) 64-Bit Server VM (21.0.1+12-LTS-29) for windows-amd64 JRE (21.0.1+12-LTS-29), built on 2023-10-05T13:27:09Z by "mach5one" with MS VC++ 17.1 (VS2022)

END.
