#
# There is insufficient memory for the Java Runtime Environment to continue.
# Native memory allocation (malloc) failed to allocate 334240 bytes for Chunk::new
# Possible reasons:
#   The system is out of physical RAM or swap space
#   The process is running with CompressedOops enabled, and the Java Heap may be blocking the growth of the native heap
# Possible solutions:
#   Reduce memory load on the system
#   Increase physical memory or swap space
#   Check if swap backing store is full
#   Decrease Java heap size (-Xmx/-Xms)
#   Decrease number of Java threads
#   Decrease Java thread stack sizes (-Xss)
#   Set larger code cache with -XX:ReservedCodeCacheSize=
#   JVM is running with Unscaled Compressed Oops mode in which the Java heap is
#     placed in the first 4GB address space. The Java Heap base address is the
#     maximum limit for the native heap growth. Please use -XX:HeapBaseMinAddress
#     to set the Java Heap base and to place the Java Heap above 4GB virtual address.
# This output file may be truncated or incomplete.
#
#  Out of Memory Error (arena.cpp:168), pid=16112, tid=25156
#
# JRE version: Java(TM) SE Runtime Environment (21.0.1+12) (build 21.0.1+12-LTS-29)
# Java VM: Java HotSpot(TM) 64-Bit Server VM (21.0.1+12-LTS-29, mixed mode, sharing, tiered, compressed oops, compressed class ptrs, g1 gc, windows-amd64)
# No core dump will be written. Minidumps are not enabled by default on client versions of Windows
#

---------------  S U M M A R Y ------------

Command Line: -Dfile.encoding=UTF-8 -Dstdout.encoding=UTF-8 -Dstderr.encoding=UTF-8 --module-path=C:\Users\sssss\Downloads\mysql-connector-j-8.2.0.jar -XX:+ShowCodeDetailsInExceptionMessages LoginUI

Host: Intel(R) Core(TM) i7-1065G7 CPU @ 1.30GHz, 8 cores, 7G,  Windows 11 , 64 bit Build 22621 (10.0.22621.2506)
Time: Sun Dec 17 23:55:28 2023  Windows 11 , 64 bit Build 22621 (10.0.22621.2506) elapsed time: 0.576538 seconds (0d 0h 0m 0s)

---------------  T H R E A D  ---------------

Current thread (0x000002bae74efe70):  JavaThread "C2 CompilerThread0" daemon [_thread_in_native, id=25156, stack(0x000000ee83e00000,0x000000ee83f00000) (1024K)]


Current CompileTask:
C2:    576  829 % !   4       sun.awt.image.PNGImageDecoder::produceImage @ 960 (1917 bytes)

Stack: [0x000000ee83e00000,0x000000ee83f00000]
Native frames: (J=compiled Java code, j=interpreted, Vv=VM code, C=native code)
V  [jvm.dll+0x6c9029]
V  [jvm.dll+0x854b81]
V  [jvm.dll+0x856e5e]
V  [jvm.dll+0x857543]
V  [jvm.dll+0x280c06]
V  [jvm.dll+0xc3ead]
V  [jvm.dll+0xc43c3]
V  [jvm.dll+0x3b576c]
V  [jvm.dll+0x382475]
V  [jvm.dll+0x3818ea]
V  [jvm.dll+0x249ad0]
V  [jvm.dll+0x2490b1]
V  [jvm.dll+0x1c9ca1]
V  [jvm.dll+0x2586b9]
V  [jvm.dll+0x256c9a]
V  [jvm.dll+0x3ef1b6]
V  [jvm.dll+0x7fd728]
V  [jvm.dll+0x6c777d]
C  [ucrtbase.dll+0x29363]
C  [KERNEL32.DLL+0x1257d]
C  [ntdll.dll+0x5aa58]


---------------  P R O C E S S  ---------------

Threads class SMR info:
_java_thread_list=0x000002baec112de0, length=17, elements={
0x000002bae74df810, 0x000002bae74d1410, 0x000002bae74d3760, 0x000002bae74d3ec0,
0x000002bae74d4620, 0x000002bae74dab20, 0x000002bae74efe70, 0x000002bae74f1530,
0x000002bae76b3a50, 0x000002bae7740540, 0x000002bae7813970, 0x000002bae7956470,
0x000002bae7925550, 0x000002bae79263d0, 0x000002baec0985c0, 0x000002bac8bb9720,
0x000002baec17a360
}

Java Threads: ( => current thread )
  0x000002bae74df810 JavaThread "Reference Handler"          daemon [_thread_blocked, id=20768, stack(0x000000ee83800000,0x000000ee83900000) (1024K)]
  0x000002bae74d1410 JavaThread "Finalizer"                  daemon [_thread_blocked, id=27316, stack(0x000000ee83900000,0x000000ee83a00000) (1024K)]
  0x000002bae74d3760 JavaThread "Signal Dispatcher"          daemon [_thread_blocked, id=32956, stack(0x000000ee83a00000,0x000000ee83b00000) (1024K)]
  0x000002bae74d3ec0 JavaThread "Attach Listener"            daemon [_thread_blocked, id=34768, stack(0x000000ee83b00000,0x000000ee83c00000) (1024K)]
  0x000002bae74d4620 JavaThread "Service Thread"             daemon [_thread_blocked, id=18688, stack(0x000000ee83c00000,0x000000ee83d00000) (1024K)]
  0x000002bae74dab20 JavaThread "Monitor Deflation Thread"   daemon [_thread_blocked, id=34248, stack(0x000000ee83d00000,0x000000ee83e00000) (1024K)]
=>0x000002bae74efe70 JavaThread "C2 CompilerThread0"         daemon [_thread_in_native, id=25156, stack(0x000000ee83e00000,0x000000ee83f00000) (1024K)]
  0x000002bae74f1530 JavaThread "C1 CompilerThread0"         daemon [_thread_in_native, id=34304, stack(0x000000ee83f00000,0x000000ee84000000) (1024K)]
  0x000002bae76b3a50 JavaThread "Common-Cleaner"             daemon [_thread_blocked, id=30668, stack(0x000000ee84000000,0x000000ee84100000) (1024K)]
  0x000002bae7740540 JavaThread "C2 CompilerThread1"         daemon [_thread_in_native, id=27276, stack(0x000000ee84100000,0x000000ee84200000) (1024K)]
  0x000002bae7813970 JavaThread "Notification Thread"        daemon [_thread_blocked, id=3320, stack(0x000000ee84200000,0x000000ee84300000) (1024K)]
  0x000002bae7956470 JavaThread "Java2D Disposer"            daemon [_thread_blocked, id=27820, stack(0x000000ee84300000,0x000000ee84400000) (1024K)]
  0x000002bae7925550 JavaThread "AWT-Shutdown"                      [_thread_blocked, id=20204, stack(0x000000ee84400000,0x000000ee84500000) (1024K)]
  0x000002bae79263d0 JavaThread "AWT-Windows"                daemon [_thread_in_native, id=15340, stack(0x000000ee84500000,0x000000ee84600000) (1024K)]
  0x000002baec0985c0 JavaThread "AWT-EventQueue-0"                  [_thread_blocked, id=33400, stack(0x000000ee84600000,0x000000ee84700000) (1024K)]
  0x000002bac8bb9720 JavaThread "DestroyJavaVM"                     [_thread_blocked, id=25084, stack(0x000000ee83000000,0x000000ee83100000) (1024K)]
  0x000002baec17a360 JavaThread "Image Fetcher 0"            daemon [_thread_in_Java, id=32208, stack(0x000000ee84a00000,0x000000ee84b00000) (1024K)]
Total: 17

Other Threads:
  0x000002bae74b45a0 VMThread "VM Thread"                           [id=16956, stack(0x000000ee83700000,0x000000ee83800000) (1024K)]
  0x000002bae749a9f0 WatcherThread "VM Periodic Task Thread"        [id=15392, stack(0x000000ee83600000,0x000000ee83700000) (1024K)]
  0x000002bac8d327c0 WorkerThread "GC Thread#0"                     [id=33416, stack(0x000000ee83100000,0x000000ee83200000) (1024K)]
  0x000002bac8d436b0 ConcurrentGCThread "G1 Main Marker"            [id=22500, stack(0x000000ee83200000,0x000000ee83300000) (1024K)]
  0x000002bac8d44510 WorkerThread "G1 Conc#0"                       [id=15296, stack(0x000000ee83300000,0x000000ee83400000) (1024K)]
  0x000002bac8dae8b0 ConcurrentGCThread "G1 Refine#0"               [id=22512, stack(0x000000ee83400000,0x000000ee83500000) (1024K)]
  0x000002bae736c270 ConcurrentGCThread "G1 Service"                [id=25080, stack(0x000000ee83500000,0x000000ee83600000) (1024K)]
Total: 7

Threads with active compile tasks:
C2 CompilerThread0      595  829 % !   4       sun.awt.image.PNGImageDecoder::produceImage @ 960 (1917 bytes)
C1 CompilerThread0      595  888       3       sun.awt.image.ImageDecoder::setPixels (58 bytes)
C2 CompilerThread1      595  815 %     4       sun.awt.image.PNGImageDecoder::filterRow @ 79 (460 bytes)
Total: 3

VM state: not at safepoint (normal execution)

VM Mutex/Monitor currently owned by a thread:  ([mutex/lock_event])
[0x00007ffc36d89178] MethodCompileQueue_lock - owner thread: 0x000002bae74f1530
[0x00007ffc36d8a4f8] CodeCache_lock - owner thread: 0x000002bae74f1530

Heap address: 0x0000000084800000, size: 1976 MB, Compressed Oops mode: 32-bit

CDS archive(s) mapped at: [0x000002ba80000000-0x000002ba80c90000-0x000002ba80c90000), size 13172736, SharedBaseAddress: 0x000002ba80000000, ArchiveRelocationMode: 1.
Compressed class space mapped at: 0x000002ba81000000-0x000002bac1000000, reserved size: 1073741824
Narrow klass base: 0x000002ba80000000, Narrow klass shift: 0, Narrow klass range: 0x100000000

GC Precious Log:
 CardTable entry size: 512
 Card Set container configuration: InlinePtr #cards 5 size 8 Array Of Cards #cards 12 size 40 Howl #buckets 4 coarsen threshold 1843 Howl Bitmap #cards 512 size 80 coarsen threshold 460 Card regions per heap region 1 cards per card region 2048
 CPUs: 8 total, 8 available
 Memory: 7901M
 Large Page Support: Disabled
 NUMA Support: Disabled
 Compressed Oops: Enabled (32-bit)
 Heap Region Size: 1M
 Heap Min Capacity: 8M
 Heap Initial Capacity: 124M
 Heap Max Capacity: 1976M
 Pre-touch: Disabled
 Parallel Workers: 8
 Concurrent Workers: 2
 Concurrent Refinement Workers: 8
 Periodic GC: Disabled

Heap:
 garbage-first heap   total 126976K, used 14336K [0x0000000084800000, 0x0000000100000000)
  region size 1024K, 11 young (11264K), 0 survivors (0K)
 Metaspace       used 7461K, committed 7744K, reserved 1114112K
  class space    used 841K, committed 960K, reserved 1048576K

Heap Regions: E=young(eden), S=young(survivor), O=old, HS=humongous(starts), HC=humongous(continues), CS=collection set, F=free, TAMS=top-at-mark-start, PB=parsable bottom
|   0|0x0000000084800000, 0x0000000084900000, 0x0000000084900000|100%|HS|  |TAMS 0x0000000084800000| PB 0x0000000084800000| Complete 
|   1|0x0000000084900000, 0x0000000084a00000, 0x0000000084a00000|100%|HC|  |TAMS 0x0000000084900000| PB 0x0000000084900000| Complete 
|   2|0x0000000084a00000, 0x0000000084b00000, 0x0000000084b00000|100%|HS|  |TAMS 0x0000000084a00000| PB 0x0000000084a00000| Complete 
|   3|0x0000000084b00000, 0x0000000084c00000, 0x0000000084c00000|100%|HC|  |TAMS 0x0000000084b00000| PB 0x0000000084b00000| Complete 
|   4|0x0000000084c00000, 0x0000000084c00000, 0x0000000084d00000|  0%| F|  |TAMS 0x0000000084c00000| PB 0x0000000084c00000| Untracked 
|   5|0x0000000084d00000, 0x0000000084d00000, 0x0000000084e00000|  0%| F|  |TAMS 0x0000000084d00000| PB 0x0000000084d00000| Untracked 
|   6|0x0000000084e00000, 0x0000000084e00000, 0x0000000084f00000|  0%| F|  |TAMS 0x0000000084e00000| PB 0x0000000084e00000| Untracked 
|   7|0x0000000084f00000, 0x0000000084f00000, 0x0000000085000000|  0%| F|  |TAMS 0x0000000084f00000| PB 0x0000000084f00000| Untracked 
|   8|0x0000000085000000, 0x0000000085000000, 0x0000000085100000|  0%| F|  |TAMS 0x0000000085000000| PB 0x0000000085000000| Untracked 
|   9|0x0000000085100000, 0x0000000085100000, 0x0000000085200000|  0%| F|  |TAMS 0x0000000085100000| PB 0x0000000085100000| Untracked 
|  10|0x0000000085200000, 0x0000000085200000, 0x0000000085300000|  0%| F|  |TAMS 0x0000000085200000| PB 0x0000000085200000| Untracked 
|  11|0x0000000085300000, 0x0000000085300000, 0x0000000085400000|  0%| F|  |TAMS 0x0000000085300000| PB 0x0000000085300000| Untracked 
|  12|0x0000000085400000, 0x0000000085400000, 0x0000000085500000|  0%| F|  |TAMS 0x0000000085400000| PB 0x0000000085400000| Untracked 
|  13|0x0000000085500000, 0x0000000085500000, 0x0000000085600000|  0%| F|  |TAMS 0x0000000085500000| PB 0x0000000085500000| Untracked 
|  14|0x0000000085600000, 0x0000000085600000, 0x0000000085700000|  0%| F|  |TAMS 0x0000000085600000| PB 0x0000000085600000| Untracked 
|  15|0x0000000085700000, 0x0000000085700000, 0x0000000085800000|  0%| F|  |TAMS 0x0000000085700000| PB 0x0000000085700000| Untracked 
|  16|0x0000000085800000, 0x0000000085800000, 0x0000000085900000|  0%| F|  |TAMS 0x0000000085800000| PB 0x0000000085800000| Untracked 
|  17|0x0000000085900000, 0x0000000085900000, 0x0000000085a00000|  0%| F|  |TAMS 0x0000000085900000| PB 0x0000000085900000| Untracked 
|  18|0x0000000085a00000, 0x0000000085a00000, 0x0000000085b00000|  0%| F|  |TAMS 0x0000000085a00000| PB 0x0000000085a00000| Untracked 
|  19|0x0000000085b00000, 0x0000000085b00000, 0x0000000085c00000|  0%| F|  |TAMS 0x0000000085b00000| PB 0x0000000085b00000| Untracked 
|  20|0x0000000085c00000, 0x0000000085c00000, 0x0000000085d00000|  0%| F|  |TAMS 0x0000000085c00000| PB 0x0000000085c00000| Untracked 
|  21|0x0000000085d00000, 0x0000000085d00000, 0x0000000085e00000|  0%| F|  |TAMS 0x0000000085d00000| PB 0x0000000085d00000| Untracked 
|  22|0x0000000085e00000, 0x0000000085e00000, 0x0000000085f00000|  0%| F|  |TAMS 0x0000000085e00000| PB 0x0000000085e00000| Untracked 
|  23|0x0000000085f00000, 0x0000000085f00000, 0x0000000086000000|  0%| F|  |TAMS 0x0000000085f00000| PB 0x0000000085f00000| Untracked 
|  24|0x0000000086000000, 0x0000000086000000, 0x0000000086100000|  0%| F|  |TAMS 0x0000000086000000| PB 0x0000000086000000| Untracked 
|  25|0x0000000086100000, 0x0000000086100000, 0x0000000086200000|  0%| F|  |TAMS 0x0000000086100000| PB 0x0000000086100000| Untracked 
|  26|0x0000000086200000, 0x0000000086200000, 0x0000000086300000|  0%| F|  |TAMS 0x0000000086200000| PB 0x0000000086200000| Untracked 
|  27|0x0000000086300000, 0x0000000086300000, 0x0000000086400000|  0%| F|  |TAMS 0x0000000086300000| PB 0x0000000086300000| Untracked 
|  28|0x0000000086400000, 0x0000000086400000, 0x0000000086500000|  0%| F|  |TAMS 0x0000000086400000| PB 0x0000000086400000| Untracked 
|  29|0x0000000086500000, 0x0000000086500000, 0x0000000086600000|  0%| F|  |TAMS 0x0000000086500000| PB 0x0000000086500000| Untracked 
|  30|0x0000000086600000, 0x0000000086600000, 0x0000000086700000|  0%| F|  |TAMS 0x0000000086600000| PB 0x0000000086600000| Untracked 
|  31|0x0000000086700000, 0x0000000086700000, 0x0000000086800000|  0%| F|  |TAMS 0x0000000086700000| PB 0x0000000086700000| Untracked 
|  32|0x0000000086800000, 0x0000000086800000, 0x0000000086900000|  0%| F|  |TAMS 0x0000000086800000| PB 0x0000000086800000| Untracked 
|  33|0x0000000086900000, 0x0000000086900000, 0x0000000086a00000|  0%| F|  |TAMS 0x0000000086900000| PB 0x0000000086900000| Untracked 
|  34|0x0000000086a00000, 0x0000000086a00000, 0x0000000086b00000|  0%| F|  |TAMS 0x0000000086a00000| PB 0x0000000086a00000| Untracked 
|  35|0x0000000086b00000, 0x0000000086b00000, 0x0000000086c00000|  0%| F|  |TAMS 0x0000000086b00000| PB 0x0000000086b00000| Untracked 
|  36|0x0000000086c00000, 0x0000000086c00000, 0x0000000086d00000|  0%| F|  |TAMS 0x0000000086c00000| PB 0x0000000086c00000| Untracked 
|  37|0x0000000086d00000, 0x0000000086d00000, 0x0000000086e00000|  0%| F|  |TAMS 0x0000000086d00000| PB 0x0000000086d00000| Untracked 
|  38|0x0000000086e00000, 0x0000000086e00000, 0x0000000086f00000|  0%| F|  |TAMS 0x0000000086e00000| PB 0x0000000086e00000| Untracked 
|  39|0x0000000086f00000, 0x0000000086f00000, 0x0000000087000000|  0%| F|  |TAMS 0x0000000086f00000| PB 0x0000000086f00000| Untracked 
|  40|0x0000000087000000, 0x0000000087000000, 0x0000000087100000|  0%| F|  |TAMS 0x0000000087000000| PB 0x0000000087000000| Untracked 
|  41|0x0000000087100000, 0x0000000087100000, 0x0000000087200000|  0%| F|  |TAMS 0x0000000087100000| PB 0x0000000087100000| Untracked 
|  42|0x0000000087200000, 0x0000000087200000, 0x0000000087300000|  0%| F|  |TAMS 0x0000000087200000| PB 0x0000000087200000| Untracked 
|  43|0x0000000087300000, 0x0000000087300000, 0x0000000087400000|  0%| F|  |TAMS 0x0000000087300000| PB 0x0000000087300000| Untracked 
|  44|0x0000000087400000, 0x0000000087400000, 0x0000000087500000|  0%| F|  |TAMS 0x0000000087400000| PB 0x0000000087400000| Untracked 
|  45|0x0000000087500000, 0x0000000087500000, 0x0000000087600000|  0%| F|  |TAMS 0x0000000087500000| PB 0x0000000087500000| Untracked 
|  46|0x0000000087600000, 0x0000000087600000, 0x0000000087700000|  0%| F|  |TAMS 0x0000000087600000| PB 0x0000000087600000| Untracked 
|  47|0x0000000087700000, 0x0000000087700000, 0x0000000087800000|  0%| F|  |TAMS 0x0000000087700000| PB 0x0000000087700000| Untracked 
|  48|0x0000000087800000, 0x0000000087800000, 0x0000000087900000|  0%| F|  |TAMS 0x0000000087800000| PB 0x0000000087800000| Untracked 
|  49|0x0000000087900000, 0x0000000087900000, 0x0000000087a00000|  0%| F|  |TAMS 0x0000000087900000| PB 0x0000000087900000| Untracked 
|  50|0x0000000087a00000, 0x0000000087a00000, 0x0000000087b00000|  0%| F|  |TAMS 0x0000000087a00000| PB 0x0000000087a00000| Untracked 
|  51|0x0000000087b00000, 0x0000000087b00000, 0x0000000087c00000|  0%| F|  |TAMS 0x0000000087b00000| PB 0x0000000087b00000| Untracked 
|  52|0x0000000087c00000, 0x0000000087c00000, 0x0000000087d00000|  0%| F|  |TAMS 0x0000000087c00000| PB 0x0000000087c00000| Untracked 
|  53|0x0000000087d00000, 0x0000000087d00000, 0x0000000087e00000|  0%| F|  |TAMS 0x0000000087d00000| PB 0x0000000087d00000| Untracked 
|  54|0x0000000087e00000, 0x0000000087e00000, 0x0000000087f00000|  0%| F|  |TAMS 0x0000000087e00000| PB 0x0000000087e00000| Untracked 
|  55|0x0000000087f00000, 0x0000000087f00000, 0x0000000088000000|  0%| F|  |TAMS 0x0000000087f00000| PB 0x0000000087f00000| Untracked 
|  56|0x0000000088000000, 0x0000000088000000, 0x0000000088100000|  0%| F|  |TAMS 0x0000000088000000| PB 0x0000000088000000| Untracked 
|  57|0x0000000088100000, 0x0000000088100000, 0x0000000088200000|  0%| F|  |TAMS 0x0000000088100000| PB 0x0000000088100000| Untracked 
|  58|0x0000000088200000, 0x0000000088200000, 0x0000000088300000|  0%| F|  |TAMS 0x0000000088200000| PB 0x0000000088200000| Untracked 
|  59|0x0000000088300000, 0x0000000088300000, 0x0000000088400000|  0%| F|  |TAMS 0x0000000088300000| PB 0x0000000088300000| Untracked 
|  60|0x0000000088400000, 0x0000000088400000, 0x0000000088500000|  0%| F|  |TAMS 0x0000000088400000| PB 0x0000000088400000| Untracked 
|  61|0x0000000088500000, 0x0000000088500000, 0x0000000088600000|  0%| F|  |TAMS 0x0000000088500000| PB 0x0000000088500000| Untracked 
|  62|0x0000000088600000, 0x0000000088600000, 0x0000000088700000|  0%| F|  |TAMS 0x0000000088600000| PB 0x0000000088600000| Untracked 
|  63|0x0000000088700000, 0x0000000088700000, 0x0000000088800000|  0%| F|  |TAMS 0x0000000088700000| PB 0x0000000088700000| Untracked 
|  64|0x0000000088800000, 0x0000000088800000, 0x0000000088900000|  0%| F|  |TAMS 0x0000000088800000| PB 0x0000000088800000| Untracked 
|  65|0x0000000088900000, 0x0000000088900000, 0x0000000088a00000|  0%| F|  |TAMS 0x0000000088900000| PB 0x0000000088900000| Untracked 
|  66|0x0000000088a00000, 0x0000000088a00000, 0x0000000088b00000|  0%| F|  |TAMS 0x0000000088a00000| PB 0x0000000088a00000| Untracked 
|  67|0x0000000088b00000, 0x0000000088b00000, 0x0000000088c00000|  0%| F|  |TAMS 0x0000000088b00000| PB 0x0000000088b00000| Untracked 
|  68|0x0000000088c00000, 0x0000000088c00000, 0x0000000088d00000|  0%| F|  |TAMS 0x0000000088c00000| PB 0x0000000088c00000| Untracked 
|  69|0x0000000088d00000, 0x0000000088d00000, 0x0000000088e00000|  0%| F|  |TAMS 0x0000000088d00000| PB 0x0000000088d00000| Untracked 
|  70|0x0000000088e00000, 0x0000000088e00000, 0x0000000088f00000|  0%| F|  |TAMS 0x0000000088e00000| PB 0x0000000088e00000| Untracked 
|  71|0x0000000088f00000, 0x0000000088f00000, 0x0000000089000000|  0%| F|  |TAMS 0x0000000088f00000| PB 0x0000000088f00000| Untracked 
|  72|0x0000000089000000, 0x0000000089000000, 0x0000000089100000|  0%| F|  |TAMS 0x0000000089000000| PB 0x0000000089000000| Untracked 
|  73|0x0000000089100000, 0x0000000089100000, 0x0000000089200000|  0%| F|  |TAMS 0x0000000089100000| PB 0x0000000089100000| Untracked 
|  74|0x0000000089200000, 0x0000000089200000, 0x0000000089300000|  0%| F|  |TAMS 0x0000000089200000| PB 0x0000000089200000| Untracked 
|  75|0x0000000089300000, 0x0000000089300000, 0x0000000089400000|  0%| F|  |TAMS 0x0000000089300000| PB 0x0000000089300000| Untracked 
|  76|0x0000000089400000, 0x0000000089400000, 0x0000000089500000|  0%| F|  |TAMS 0x0000000089400000| PB 0x0000000089400000| Untracked 
|  77|0x0000000089500000, 0x0000000089500000, 0x0000000089600000|  0%| F|  |TAMS 0x0000000089500000| PB 0x0000000089500000| Untracked 
|  78|0x0000000089600000, 0x0000000089600000, 0x0000000089700000|  0%| F|  |TAMS 0x0000000089600000| PB 0x0000000089600000| Untracked 
|  79|0x0000000089700000, 0x0000000089700000, 0x0000000089800000|  0%| F|  |TAMS 0x0000000089700000| PB 0x0000000089700000| Untracked 
|  80|0x0000000089800000, 0x0000000089800000, 0x0000000089900000|  0%| F|  |TAMS 0x0000000089800000| PB 0x0000000089800000| Untracked 
|  81|0x0000000089900000, 0x0000000089900000, 0x0000000089a00000|  0%| F|  |TAMS 0x0000000089900000| PB 0x0000000089900000| Untracked 
|  82|0x0000000089a00000, 0x0000000089a00000, 0x0000000089b00000|  0%| F|  |TAMS 0x0000000089a00000| PB 0x0000000089a00000| Untracked 
|  83|0x0000000089b00000, 0x0000000089b00000, 0x0000000089c00000|  0%| F|  |TAMS 0x0000000089b00000| PB 0x0000000089b00000| Untracked 
|  84|0x0000000089c00000, 0x0000000089c00000, 0x0000000089d00000|  0%| F|  |TAMS 0x0000000089c00000| PB 0x0000000089c00000| Untracked 
|  85|0x0000000089d00000, 0x0000000089d00000, 0x0000000089e00000|  0%| F|  |TAMS 0x0000000089d00000| PB 0x0000000089d00000| Untracked 
|  86|0x0000000089e00000, 0x0000000089e00000, 0x0000000089f00000|  0%| F|  |TAMS 0x0000000089e00000| PB 0x0000000089e00000| Untracked 
|  87|0x0000000089f00000, 0x0000000089f00000, 0x000000008a000000|  0%| F|  |TAMS 0x0000000089f00000| PB 0x0000000089f00000| Untracked 
|  88|0x000000008a000000, 0x000000008a000000, 0x000000008a100000|  0%| F|  |TAMS 0x000000008a000000| PB 0x000000008a000000| Untracked 
|  89|0x000000008a100000, 0x000000008a100000, 0x000000008a200000|  0%| F|  |TAMS 0x000000008a100000| PB 0x000000008a100000| Untracked 
|  90|0x000000008a200000, 0x000000008a200000, 0x000000008a300000|  0%| F|  |TAMS 0x000000008a200000| PB 0x000000008a200000| Untracked 
|  91|0x000000008a300000, 0x000000008a300000, 0x000000008a400000|  0%| F|  |TAMS 0x000000008a300000| PB 0x000000008a300000| Untracked 
|  92|0x000000008a400000, 0x000000008a400000, 0x000000008a500000|  0%| F|  |TAMS 0x000000008a400000| PB 0x000000008a400000| Untracked 
|  93|0x000000008a500000, 0x000000008a500000, 0x000000008a600000|  0%| F|  |TAMS 0x000000008a500000| PB 0x000000008a500000| Untracked 
|  94|0x000000008a600000, 0x000000008a600000, 0x000000008a700000|  0%| F|  |TAMS 0x000000008a600000| PB 0x000000008a600000| Untracked 
|  95|0x000000008a700000, 0x000000008a700000, 0x000000008a800000|  0%| F|  |TAMS 0x000000008a700000| PB 0x000000008a700000| Untracked 
|  96|0x000000008a800000, 0x000000008a800000, 0x000000008a900000|  0%| F|  |TAMS 0x000000008a800000| PB 0x000000008a800000| Untracked 
|  97|0x000000008a900000, 0x000000008a900000, 0x000000008aa00000|  0%| F|  |TAMS 0x000000008a900000| PB 0x000000008a900000| Untracked 
|  98|0x000000008aa00000, 0x000000008aa00000, 0x000000008ab00000|  0%| F|  |TAMS 0x000000008aa00000| PB 0x000000008aa00000| Untracked 
|  99|0x000000008ab00000, 0x000000008ab00000, 0x000000008ac00000|  0%| F|  |TAMS 0x000000008ab00000| PB 0x000000008ab00000| Untracked 
| 100|0x000000008ac00000, 0x000000008ac00000, 0x000000008ad00000|  0%| F|  |TAMS 0x000000008ac00000| PB 0x000000008ac00000| Untracked 
| 101|0x000000008ad00000, 0x000000008ad00000, 0x000000008ae00000|  0%| F|  |TAMS 0x000000008ad00000| PB 0x000000008ad00000| Untracked 
| 102|0x000000008ae00000, 0x000000008ae00000, 0x000000008af00000|  0%| F|  |TAMS 0x000000008ae00000| PB 0x000000008ae00000| Untracked 
| 103|0x000000008af00000, 0x000000008af00000, 0x000000008b000000|  0%| F|  |TAMS 0x000000008af00000| PB 0x000000008af00000| Untracked 
| 104|0x000000008b000000, 0x000000008b000000, 0x000000008b100000|  0%| F|  |TAMS 0x000000008b000000| PB 0x000000008b000000| Untracked 
| 105|0x000000008b100000, 0x000000008b100000, 0x000000008b200000|  0%| F|  |TAMS 0x000000008b100000| PB 0x000000008b100000| Untracked 
| 106|0x000000008b200000, 0x000000008b200000, 0x000000008b300000|  0%| F|  |TAMS 0x000000008b200000| PB 0x000000008b200000| Untracked 
| 107|0x000000008b300000, 0x000000008b300000, 0x000000008b400000|  0%| F|  |TAMS 0x000000008b300000| PB 0x000000008b300000| Untracked 
| 108|0x000000008b400000, 0x000000008b400000, 0x000000008b500000|  0%| F|  |TAMS 0x000000008b400000| PB 0x000000008b400000| Untracked 
| 109|0x000000008b500000, 0x000000008b500000, 0x000000008b600000|  0%| F|  |TAMS 0x000000008b500000| PB 0x000000008b500000| Untracked 
| 110|0x000000008b600000, 0x000000008b600000, 0x000000008b700000|  0%| F|  |TAMS 0x000000008b600000| PB 0x000000008b600000| Untracked 
| 111|0x000000008b700000, 0x000000008b700000, 0x000000008b800000|  0%| F|  |TAMS 0x000000008b700000| PB 0x000000008b700000| Untracked 
| 112|0x000000008b800000, 0x000000008b800000, 0x000000008b900000|  0%| F|  |TAMS 0x000000008b800000| PB 0x000000008b800000| Untracked 
| 113|0x000000008b900000, 0x000000008b9b0f40, 0x000000008ba00000| 69%| E|  |TAMS 0x000000008b900000| PB 0x000000008b900000| Complete 
| 114|0x000000008ba00000, 0x000000008bb00000, 0x000000008bb00000|100%| E|CS|TAMS 0x000000008ba00000| PB 0x000000008ba00000| Complete 
| 115|0x000000008bb00000, 0x000000008bc00000, 0x000000008bc00000|100%| E|CS|TAMS 0x000000008bb00000| PB 0x000000008bb00000| Complete 
| 116|0x000000008bc00000, 0x000000008bd00000, 0x000000008bd00000|100%| E|CS|TAMS 0x000000008bc00000| PB 0x000000008bc00000| Complete 
| 117|0x000000008bd00000, 0x000000008be00000, 0x000000008be00000|100%| E|CS|TAMS 0x000000008bd00000| PB 0x000000008bd00000| Complete 
| 118|0x000000008be00000, 0x000000008bf00000, 0x000000008bf00000|100%| E|CS|TAMS 0x000000008be00000| PB 0x000000008be00000| Complete 
| 119|0x000000008bf00000, 0x000000008c000000, 0x000000008c000000|100%| E|CS|TAMS 0x000000008bf00000| PB 0x000000008bf00000| Complete 
| 120|0x000000008c000000, 0x000000008c100000, 0x000000008c100000|100%| E|CS|TAMS 0x000000008c000000| PB 0x000000008c000000| Complete 
| 121|0x000000008c100000, 0x000000008c200000, 0x000000008c200000|100%| E|CS|TAMS 0x000000008c100000| PB 0x000000008c100000| Complete 
| 122|0x000000008c200000, 0x000000008c300000, 0x000000008c300000|100%| E|CS|TAMS 0x000000008c200000| PB 0x000000008c200000| Complete 
| 123|0x000000008c300000, 0x000000008c400000, 0x000000008c400000|100%| E|CS|TAMS 0x000000008c300000| PB 0x000000008c300000| Complete 

Card table byte_map: [0x000002bae2770000,0x000002bae2b50000] _byte_map_base: 0x000002bae234c000

Marking Bits: (CMBitMap*) 0x000002bac8d32ec0
 Bits: [0x000002bae2b50000, 0x000002bae4a30000)

Polling page: 0x000002bac8db0000

Metaspace:

Usage:
  Non-class:      6.47 MB used.
      Class:    841.32 KB used.
       Both:      7.29 MB used.

Virtual space:
  Non-class space:       64.00 MB reserved,       6.62 MB ( 10%) committed,  1 nodes.
      Class space:        1.00 GB reserved,     960.00 KB ( <1%) committed,  1 nodes.
             Both:        1.06 GB reserved,       7.56 MB ( <1%) committed. 

Chunk freelists:
   Non-Class:  8.99 MB
       Class:  15.11 MB
        Both:  24.10 MB

MaxMetaspaceSize: unlimited
CompressedClassSpaceSize: 1.00 GB
Initial GC threshold: 21.00 MB
Current GC threshold: 21.00 MB
CDS: on
 - commit_granule_bytes: 65536.
 - commit_granule_words: 8192.
 - virtual_space_node_default_size: 8388608.
 - enlarge_chunks_in_place: 1.
 - use_allocation_guard: 0.


Internal statistics:

num_allocs_failed_limit: 0.
num_arena_births: 156.
num_arena_deaths: 0.
num_vsnodes_births: 2.
num_vsnodes_deaths: 0.
num_space_committed: 121.
num_space_uncommitted: 0.
num_chunks_returned_to_freelist: 0.
num_chunks_taken_from_freelist: 200.
num_chunk_merges: 0.
num_chunk_splits: 118.
num_chunks_enlarged: 47.
num_inconsistent_stats: 0.

CodeHeap 'non-profiled nmethods': size=120000Kb used=262Kb max_used=262Kb free=119737Kb
 bounds [0x000002bada3e0000, 0x000002bada650000, 0x000002bae1910000]
CodeHeap 'profiled nmethods': size=120000Kb used=1359Kb max_used=1359Kb free=118640Kb
 bounds [0x000002bad2910000, 0x000002bad2b80000, 0x000002bad9e40000]
CodeHeap 'non-nmethods': size=5760Kb used=1685Kb max_used=1700Kb free=4074Kb
 bounds [0x000002bad9e40000, 0x000002bada0b0000, 0x000002bada3e0000]
 total_blobs=1470 nmethods=879 adapters=496
 compilation: enabled
              stopped_count=0, restarted_count=0
 full_count=0

Compilation events (20 events):
Event: 0.568 Thread 0x000002bae74f1530 nmethod 853 0x000002bad2a4e590 code [0x000002bad2a4e820, 0x000002bad2a4f4d8]
Event: 0.568 Thread 0x000002bae74f1530  854       3       java.lang.invoke.LambdaForm$MH/0x000002ba810c4400::linkToTargetMethod (19 bytes)
Event: 0.568 Thread 0x000002bae74f1530 nmethod 854 0x000002bad2a4f910 code [0x000002bad2a4fae0, 0x000002bad2a4fe90]
Event: 0.568 Thread 0x000002bae74f1530  855       3       java.lang.invoke.LambdaForm$DMH/0x000002ba810c3c00::newInvokeSpecial (36 bytes)
Event: 0.568 Thread 0x000002bae74f1530 nmethod 855 0x000002bad2a4ff90 code [0x000002bad2a50180, 0x000002bad2a50818]
Event: 0.568 Thread 0x000002bae74f1530  856       3       sun.awt.image.ImageWatched$WeakLink$$Lambda/0x000002ba810f7bc8::<init> (44 bytes)
Event: 0.568 Thread 0x000002bae74f1530 nmethod 856 0x000002bad2a50a10 code [0x000002bad2a50bc0, 0x000002bad2a50e08]
Event: 0.568 Thread 0x000002bae74f1530  857       3       sun.awt.image.ImageWatched$WeakLink$$Lambda/0x000002ba810f7bc8::run (32 bytes)
Event: 0.569 Thread 0x000002bae74f1530 nmethod 857 0x000002bad2a50f10 code [0x000002bad2a510c0, 0x000002bad2a51228]
Event: 0.569 Thread 0x000002bae74f1530  858       3       sun.awt.image.ImageWatched$WeakLink::lambda$update$0 (19 bytes)
Event: 0.569 Thread 0x000002bae74f1530 nmethod 858 0x000002bad2a51310 code [0x000002bad2a514e0, 0x000002bad2a51780]
Event: 0.569 Thread 0x000002bae74f1530  859       3       java.awt.ImageMediaEntry::imageUpdate (51 bytes)
Event: 0.569 Thread 0x000002bae74f1530 nmethod 859 0x000002bad2a51890 code [0x000002bad2a51a80, 0x000002bad2a52178]
Event: 0.569 Thread 0x000002bae74f1530  860   !   3       java.util.zip.Inflater::needsDictionary (19 bytes)
Event: 0.569 Thread 0x000002bae74f1530 nmethod 860 0x000002bad2a52390 code [0x000002bad2a52540, 0x000002bad2a52740]
Event: 0.569 Thread 0x000002bae74f1530  861       3       java.util.zip.InflaterInputStream::available (32 bytes)
Event: 0.570 Thread 0x000002bae74f1530 nmethod 861 0x000002bad2a52810 code [0x000002bad2a52a00, 0x000002bad2a52eb8]
Event: 0.572 Thread 0x000002bae74f1530  863   !   3       sun.awt.image.ImageRepresentation::setPixels (527 bytes)
Event: 0.574 Thread 0x000002bae74f1530 nmethod 863 0x000002bad2a53090 code [0x000002bad2a53440, 0x000002bad2a554c8]
Event: 0.574 Thread 0x000002bae74f1530  864       3       sun.awt.image.IntegerInterleavedRaster::setDataElements (134 bytes)

GC Heap History (0 events):
No events

Dll operation events (9 events):
Event: 0.013 Loaded shared library C:\Program Files\Java\jdk-21\bin\java.dll
Event: 0.053 Loaded shared library C:\Program Files\Java\jdk-21\bin\jsvml.dll
Event: 0.087 Loaded shared library C:\Program Files\Java\jdk-21\bin\net.dll
Event: 0.091 Loaded shared library C:\Program Files\Java\jdk-21\bin\nio.dll
Event: 0.097 Loaded shared library C:\Program Files\Java\jdk-21\bin\zip.dll
Event: 0.175 Loaded shared library C:\Program Files\Java\jdk-21\bin\jimage.dll
Event: 0.195 Loaded shared library C:\Program Files\Java\jdk-21\bin\awt.dll
Event: 0.411 Loaded shared library C:\Program Files\Java\jdk-21\bin\freetype.dll
Event: 0.416 Loaded shared library C:\Program Files\Java\jdk-21\bin\fontmanager.dll

Deoptimization events (20 events):
Event: 0.323 Thread 0x000002baec0985c0 Uncommon trap: trap_request=0xffffff45 fr.pc=0x000002bada40de14 relative=0x00000000000000f4
Event: 0.323 Thread 0x000002baec0985c0 Uncommon trap: reason=unstable_if action=reinterpret pc=0x000002bada40de14 method=java.util.HashMap.hash(Ljava/lang/Object;)I @ 1 c2
Event: 0.323 Thread 0x000002baec0985c0 DEOPT PACKING pc=0x000002bada40de14 sp=0x000000ee846fe690
Event: 0.323 Thread 0x000002baec0985c0 DEOPT UNPACKING pc=0x000002bad9e97da2 sp=0x000000ee846fe5d0 mode 2
Event: 0.340 Thread 0x000002baec0985c0 Uncommon trap: trap_request=0xffffff45 fr.pc=0x000002bada3f8650 relative=0x00000000000000b0
Event: 0.340 Thread 0x000002baec0985c0 Uncommon trap: reason=unstable_if action=reinterpret pc=0x000002bada3f8650 method=java.util.HashMap.hash(Ljava/lang/Object;)I @ 1 c2
Event: 0.340 Thread 0x000002baec0985c0 DEOPT PACKING pc=0x000002bada3f8650 sp=0x000000ee846fe5e0
Event: 0.340 Thread 0x000002baec0985c0 DEOPT UNPACKING pc=0x000002bad9e97da2 sp=0x000000ee846fe578 mode 2
Event: 0.358 Thread 0x000002baec0985c0 Uncommon trap: trap_request=0xffffff45 fr.pc=0x000002bada3f01a8 relative=0x0000000000000188
Event: 0.358 Thread 0x000002baec0985c0 Uncommon trap: reason=unstable_if action=reinterpret pc=0x000002bada3f01a8 method=java.lang.String.equals(Ljava/lang/Object;)Z @ 33 c2
Event: 0.358 Thread 0x000002baec0985c0 DEOPT PACKING pc=0x000002bada3f01a8 sp=0x000000ee846feb00
Event: 0.358 Thread 0x000002baec0985c0 DEOPT UNPACKING pc=0x000002bad9e97da2 sp=0x000000ee846fea90 mode 2
Event: 0.523 Thread 0x000002baec17a360 Uncommon trap: trap_request=0xffffff45 fr.pc=0x000002bada3ef1e4 relative=0x00000000000000c4
Event: 0.524 Thread 0x000002baec17a360 Uncommon trap: reason=unstable_if action=reinterpret pc=0x000002bada3ef1e4 method=java.lang.String.charAt(I)C @ 4 c2
Event: 0.524 Thread 0x000002baec17a360 DEOPT PACKING pc=0x000002bada3ef1e4 sp=0x000000ee84afea30
Event: 0.524 Thread 0x000002baec17a360 DEOPT UNPACKING pc=0x000002bad9e97da2 sp=0x000000ee84afe9d0 mode 2
Event: 0.524 Thread 0x000002baec17a360 Uncommon trap: trap_request=0xffffff45 fr.pc=0x000002bada407290 relative=0x00000000000001f0
Event: 0.524 Thread 0x000002baec17a360 Uncommon trap: reason=unstable_if action=reinterpret pc=0x000002bada407290 method=java.lang.String.indexOf(II)I @ 4 c2
Event: 0.524 Thread 0x000002baec17a360 DEOPT PACKING pc=0x000002bada407290 sp=0x000000ee84afebf0
Event: 0.524 Thread 0x000002baec17a360 DEOPT UNPACKING pc=0x000002bad9e97da2 sp=0x000000ee84afeb78 mode 2

Classes loaded (20 events):
Event: 0.521 Loading class sun/awt/image/ImageWatched$Link
Event: 0.521 Loading class sun/awt/image/ImageWatched$Link done
Event: 0.522 Loading class sun/awt/image/ImageWatched$WeakLink
Event: 0.522 Loading class sun/awt/image/ImageWatched$WeakLink done
Event: 0.522 Loading class sun/awt/image/ImageWatched$AccWeakReference
Event: 0.522 Loading class sun/awt/image/ImageWatched$AccWeakReference done
Event: 0.522 Loading class sun/awt/image/ImageConsumerQueue
Event: 0.522 Loading class sun/awt/image/ImageConsumerQueue done
Event: 0.522 Loading class sun/awt/image/ImageFetcher
Event: 0.522 Loading class sun/awt/image/ImageFetcher done
Event: 0.522 Loading class sun/awt/image/FetcherInfo
Event: 0.522 Loading class sun/awt/image/FetcherInfo done
Event: 0.522 Loading class sun/awt/image/ImageFetcher$1
Event: 0.522 Loading class sun/awt/image/ImageFetcher$1 done
Event: 0.525 Loading class sun/awt/image/PNGImageDecoder
Event: 0.525 Loading class sun/awt/image/ImageDecoder
Event: 0.525 Loading class sun/awt/image/ImageDecoder done
Event: 0.525 Loading class sun/awt/image/PNGImageDecoder done
Event: 0.526 Loading class sun/awt/image/PNGFilterInputStream
Event: 0.526 Loading class sun/awt/image/PNGFilterInputStream done

Classes unloaded (0 events):
No events

Classes redefined (0 events):
No events

Internal exceptions (19 events):
Event: 0.130 Thread 0x000002bac8bb9720 Exception <a 'java/lang/NoSuchMethodError'{0x000000008c000bf0}: 'void java.lang.invoke.DirectMethodHandle$Holder.invokeSpecial(java.lang.Object, java.lang.Object, java.lang.Object)'> (0x000000008c000bf0) 
thrown [s\open\src\hotspot\share\interpreter\linkResolver.cpp, line 773]
Event: 0.134 Thread 0x000002bac8bb9720 Exception <a 'java/lang/NoSuchMethodError'{0x000000008c012be8}: 'void java.lang.invoke.DirectMethodHandle$Holder.invokeSpecial(java.lang.Object, java.lang.Object, java.lang.Object, java.lang.Object, java.lang.Object)'> (0x000000008c012be8) 
thrown [s\open\src\hotspot\share\interpreter\linkResolver.cpp, line 773]
Event: 0.137 Thread 0x000002bac8bb9720 Exception <a 'java/lang/NoSuchMethodError'{0x000000008c021ba0}: 'java.lang.Object java.lang.invoke.DirectMethodHandle$Holder.invokeInterface(java.lang.Object, java.lang.Object)'> (0x000000008c021ba0) 
thrown [s\open\src\hotspot\share\interpreter\linkResolver.cpp, line 773]
Event: 0.138 Thread 0x000002bac8bb9720 Exception <a 'java/lang/IncompatibleClassChangeError'{0x000000008c024e08}: Found class java.lang.Object, but interface was expected> (0x000000008c024e08) 
thrown [s\open\src\hotspot\share\interpreter\linkResolver.cpp, line 840]
Event: 0.138 Thread 0x000002bac8bb9720 Exception <a 'java/lang/NoSuchMethodError'{0x000000008c0276a8}: 'void java.lang.invoke.DirectMethodHandle$Holder.invokeStatic(java.lang.Object, java.lang.Object, java.lang.Object, java.lang.Object)'> (0x000000008c0276a8) 
thrown [s\open\src\hotspot\share\interpreter\linkResolver.cpp, line 773]
Event: 0.183 Thread 0x000002bac8bb9720 Exception <a 'java/lang/ClassNotFoundException'{0x000000008c0edcc0}: sun/awt/resources/spi/awtProvider> (0x000000008c0edcc0) 
thrown [s\open\src\hotspot\share\classfile\systemDictionary.cpp, line 312]
Event: 0.204 Thread 0x000002bac8bb9720 Exception <a 'java/io/FileNotFoundException'{0x000000008bf419b0}> (0x000000008bf419b0) 
thrown [s\open\src\hotspot\share\prims\jni.cpp, line 520]
Event: 0.211 Thread 0x000002bac8bb9720 Exception <a 'java/io/FileNotFoundException'{0x000000008bf6bb80}> (0x000000008bf6bb80) 
thrown [s\open\src\hotspot\share\prims\jni.cpp, line 520]
Event: 0.292 Thread 0x000002baec0985c0 Exception <a 'java/lang/NoSuchMethodError'{0x000000008bec9020}: 'java.lang.Object java.lang.invoke.DirectMethodHandle$Holder.newInvokeSpecial(java.lang.Object, java.lang.Object, java.lang.Object, java.lang.Object, java.lang.Object)'> (0x000000008bec9020) 
thrown [s\open\src\hotspot\share\interpreter\linkResolver.cpp, line 773]
Event: 0.298 Thread 0x000002baec0985c0 Exception <a 'java/lang/NoSuchMethodError'{0x000000008bd08c78}: 'java.lang.Object java.lang.invoke.DirectMethodHandle$Holder.invokeStatic(java.lang.Object, int, java.lang.Object)'> (0x000000008bd08c78) 
thrown [s\open\src\hotspot\share\interpreter\linkResolver.cpp, line 773]
Event: 0.316 Thread 0x000002baec0985c0 Exception <a 'java/lang/ClassNotFoundException'{0x000000008bda80d0}: com/sun/swing/internal/plaf/metal/resources/spi/metalProvider> (0x000000008bda80d0) 
thrown [s\open\src\hotspot\share\classfile\systemDictionary.cpp, line 312]
Event: 0.317 Thread 0x000002baec0985c0 Exception <a 'java/lang/ClassNotFoundException'{0x000000008bdac080}: com/sun/swing/internal/plaf/basic/resources/spi/basicProvider> (0x000000008bdac080) 
thrown [s\open\src\hotspot\share\classfile\systemDictionary.cpp, line 312]
Event: 0.323 Thread 0x000002baec0985c0 Implicit null exception at 0x000002bada40dd66 to 0x000002bada40de0a
Event: 0.327 Thread 0x000002baec0985c0 Exception <a 'java/lang/NoSuchMethodError'{0x000000008bdcb390}: 'int java.lang.invoke.Invokers$Holder.invokeExact_MT(java.lang.Object, java.lang.Object)'> (0x000000008bdcb390) 
thrown [s\open\src\hotspot\share\interpreter\linkResolver.cpp, line 773]
Event: 0.340 Thread 0x000002baec0985c0 Implicit null exception at 0x000002bada3f85bd to 0x000002bada3f8641
Event: 0.382 Thread 0x000002bae79263d0 Exception <a 'java/lang/NoSuchMethodError'{0x000000008be0e768}: 'void java.lang.invoke.DirectMethodHandle$Holder.invokeVirtual(java.lang.Object, java.lang.Object)'> (0x000000008be0e768) 
thrown [s\open\src\hotspot\share\interpreter\linkResolver.cpp, line 773]
Event: 0.402 Thread 0x000002baec0985c0 Exception <a 'java/lang/NoSuchMethodError'{0x000000008bc2f300}: 'void java.lang.invoke.DirectMethodHandle$Holder.invokeStaticInit(java.lang.Object)'> (0x000000008bc2f300) 
thrown [s\open\src\hotspot\share\interpreter\linkResolver.cpp, line 773]
Event: 0.422 Thread 0x000002baec0985c0 Exception <a 'java/io/FileNotFoundException'{0x000000008bc3b4d8}> (0x000000008bc3b4d8) 
thrown [s\open\src\hotspot\share\prims\jni.cpp, line 520]
Event: 0.530 Thread 0x000002baec17a360 Exception <a 'java/lang/NoSuchMethodError'{0x000000008bcfba18}: 'java.lang.Object java.lang.invoke.DirectMethodHandle$Holder.newInvokeSpecial(java.lang.Object, java.lang.Object, java.lang.Object, int, int, int, int, int)'> (0x000000008bcfba18) 
thrown [s\open\src\hotspot\share\interpreter\linkResolver.cpp, line 773]

ZGC Phase Switch (0 events):
No events

VM Operations (8 events):
Event: 0.098 Executing VM operation: HandshakeAllThreads (Deoptimize)
Event: 0.099 Executing VM operation: HandshakeAllThreads (Deoptimize) done
Event: 0.135 Executing VM operation: HandshakeAllThreads (Deoptimize)
Event: 0.135 Executing VM operation: HandshakeAllThreads (Deoptimize) done
Event: 0.218 Executing VM operation: HandshakeAllThreads (Deoptimize)
Event: 0.218 Executing VM operation: HandshakeAllThreads (Deoptimize) done
Event: 0.329 Executing VM operation: HandshakeAllThreads (Deoptimize)
Event: 0.329 Executing VM operation: HandshakeAllThreads (Deoptimize) done

Events (19 events):
Event: 0.031 Thread 0x000002bac8bb9720 Thread added: 0x000002bac8bb9720
Event: 0.050 Thread 0x000002bae74df810 Thread added: 0x000002bae74df810
Event: 0.050 Thread 0x000002bae74d1410 Thread added: 0x000002bae74d1410
Event: 0.050 Thread 0x000002bae74d3760 Thread added: 0x000002bae74d3760
Event: 0.050 Thread 0x000002bae74d3ec0 Thread added: 0x000002bae74d3ec0
Event: 0.050 Thread 0x000002bae74d4620 Thread added: 0x000002bae74d4620
Event: 0.050 Thread 0x000002bae74dab20 Thread added: 0x000002bae74dab20
Event: 0.050 Thread 0x000002bae74efe70 Thread added: 0x000002bae74efe70
Event: 0.050 Thread 0x000002bae74f1530 Thread added: 0x000002bae74f1530
Event: 0.074 Thread 0x000002bae76b3a50 Thread added: 0x000002bae76b3a50
Event: 0.144 Thread 0x000002bae7740540 Thread added: 0x000002bae7740540
Event: 0.150 Thread 0x000002bae7813970 Thread added: 0x000002bae7813970
Event: 0.242 Thread 0x000002bae7956470 Thread added: 0x000002bae7956470
Event: 0.243 Thread 0x000002bae7925550 Thread added: 0x000002bae7925550
Event: 0.244 Thread 0x000002bae79263d0 Thread added: 0x000002bae79263d0
Event: 0.257 Thread 0x000002baec0985c0 Thread added: 0x000002baec0985c0
Event: 0.258 Thread 0x000002bac8bb9720 Thread exited: 0x000002bac8bb9720
Event: 0.258 Thread 0x000002bac8bb9720 Thread added: 0x000002bac8bb9720
Event: 0.523 Thread 0x000002baec17a360 Thread added: 0x000002baec17a360


Dynamic libraries:
0x00007ff77d270000 - 0x00007ff77d280000 	C:\Program Files\Java\jdk-21\bin\javaw.exe
0x00007ffccb210000 - 0x00007ffccb427000 	C:\WINDOWS\SYSTEM32\ntdll.dll
0x00007ffcc9070000 - 0x00007ffcc9134000 	C:\WINDOWS\System32\KERNEL32.DLL
0x00007ffcc8890000 - 0x00007ffcc8c36000 	C:\WINDOWS\System32\KERNELBASE.dll
0x00007ffcc8e40000 - 0x00007ffcc8f51000 	C:\WINDOWS\System32\ucrtbase.dll
0x00007ffcbf700000 - 0x00007ffcbf71b000 	C:\Program Files\Java\jdk-21\bin\VCRUNTIME140.dll
0x00007ffcbf720000 - 0x00007ffcbf739000 	C:\Program Files\Java\jdk-21\bin\jli.dll
0x00007ffcc9f60000 - 0x00007ffcca011000 	C:\WINDOWS\System32\ADVAPI32.dll
0x00007ffcca350000 - 0x00007ffcca3f7000 	C:\WINDOWS\System32\msvcrt.dll
0x00007ffcc9310000 - 0x00007ffcc93b5000 	C:\WINDOWS\System32\sechost.dll
0x00007ffcca020000 - 0x00007ffcca137000 	C:\WINDOWS\System32\RPCRT4.dll
0x00007ffcc9160000 - 0x00007ffcc930e000 	C:\WINDOWS\System32\USER32.dll
0x00007ffcc8d00000 - 0x00007ffcc8d26000 	C:\WINDOWS\System32\win32u.dll
0x00007ffcc9f30000 - 0x00007ffcc9f59000 	C:\WINDOWS\System32\GDI32.dll
0x00007ffcc7740000 - 0x00007ffcc79d3000 	C:\WINDOWS\WinSxS\amd64_microsoft.windows.common-controls_6595b64144ccf1df_6.0.22621.2506_none_270c5ae97388e100\COMCTL32.dll
0x00007ffcc8580000 - 0x00007ffcc8698000 	C:\WINDOWS\System32\gdi32full.dll
0x00007ffcc8d30000 - 0x00007ffcc8dca000 	C:\WINDOWS\System32\msvcp_win.dll
0x00007ffcb7b70000 - 0x00007ffcb7b7a000 	C:\WINDOWS\SYSTEM32\VERSION.dll
0x00007ffccb120000 - 0x00007ffccb151000 	C:\WINDOWS\System32\IMM32.DLL
0x00007ffcbf810000 - 0x00007ffcbf81c000 	C:\Program Files\Java\jdk-21\bin\vcruntime140_1.dll
0x00007ffc38e60000 - 0x00007ffc38eee000 	C:\Program Files\Java\jdk-21\bin\msvcp140.dll
0x00007ffc36150000 - 0x00007ffc36e65000 	C:\Program Files\Java\jdk-21\bin\server\jvm.dll
0x00007ffcc9a40000 - 0x00007ffcc9ab1000 	C:\WINDOWS\System32\WS2_32.dll
0x00007ffcc82a0000 - 0x00007ffcc82ed000 	C:\WINDOWS\SYSTEM32\POWRPROF.dll
0x00007ffcbde90000 - 0x00007ffcbdec4000 	C:\WINDOWS\SYSTEM32\WINMM.dll
0x00007ffcc8280000 - 0x00007ffcc8293000 	C:\WINDOWS\SYSTEM32\UMPDC.dll
0x00007ffcc6cc0000 - 0x00007ffcc6cd8000 	C:\WINDOWS\SYSTEM32\kernel.appcore.dll
0x00007ffcbe6d0000 - 0x00007ffcbe6da000 	C:\Program Files\Java\jdk-21\bin\jimage.dll
0x00007ffcc7e70000 - 0x00007ffcc80a3000 	C:\WINDOWS\SYSTEM32\DBGHELP.DLL
0x00007ffccad90000 - 0x00007ffccb119000 	C:\WINDOWS\System32\combase.dll
0x00007ffcca140000 - 0x00007ffcca217000 	C:\WINDOWS\System32\OLEAUT32.dll
0x00007ffcc7d30000 - 0x00007ffcc7d62000 	C:\WINDOWS\SYSTEM32\dbgcore.DLL
0x00007ffcc86a0000 - 0x00007ffcc871a000 	C:\WINDOWS\System32\bcryptPrimitives.dll
0x00007ffcbe6b0000 - 0x00007ffcbe6cf000 	C:\Program Files\Java\jdk-21\bin\java.dll
0x00007ffcca530000 - 0x00007ffccad8a000 	C:\WINDOWS\System32\SHELL32.dll
0x00007ffcc5c20000 - 0x00007ffcc6516000 	C:\WINDOWS\SYSTEM32\windows.storage.dll
0x00007ffcc5ae0000 - 0x00007ffcc5c1e000 	C:\WINDOWS\SYSTEM32\wintypes.dll
0x00007ffcca220000 - 0x00007ffcca313000 	C:\WINDOWS\System32\SHCORE.dll
0x00007ffcc8f60000 - 0x00007ffcc8fbe000 	C:\WINDOWS\System32\shlwapi.dll
0x00007ffcc84b0000 - 0x00007ffcc84d6000 	C:\WINDOWS\SYSTEM32\profapi.dll
0x00007ffc38d80000 - 0x00007ffc38e57000 	C:\Program Files\Java\jdk-21\bin\jsvml.dll
0x00007ffcbe6a0000 - 0x00007ffcbe6b0000 	C:\Program Files\Java\jdk-21\bin\net.dll
0x00007ffcc5290000 - 0x00007ffcc53c7000 	C:\WINDOWS\SYSTEM32\WINHTTP.dll
0x00007ffcc7160000 - 0x00007ffcc71c9000 	C:\WINDOWS\system32\mswsock.dll
0x00007ffcbdbb0000 - 0x00007ffcbdbc6000 	C:\Program Files\Java\jdk-21\bin\nio.dll
0x00007ffcbdb90000 - 0x00007ffcbdba8000 	C:\Program Files\Java\jdk-21\bin\zip.dll
0x00007ffc80f90000 - 0x00007ffc8111f000 	C:\Program Files\Java\jdk-21\bin\awt.dll
0x00007ffcc4650000 - 0x00007ffcc46e7000 	C:\WINDOWS\SYSTEM32\apphelp.dll
0x00007ffcc4cd0000 - 0x00007ffcc4d7b000 	C:\WINDOWS\system32\uxtheme.dll
0x00007ffcc9bc0000 - 0x00007ffcc9d10000 	C:\WINDOWS\System32\MSCTF.dll
0x00007ffcc9420000 - 0x00007ffcc95c0000 	C:\WINDOWS\System32\ole32.dll
0x00007ffcc5080000 - 0x00007ffcc50ab000 	C:\WINDOWS\system32\DWMAPI.DLL
0x00007ffc9d750000 - 0x00007ffc9d850000 	C:\WINDOWS\system32\opengl32.dll
0x00007ffc9dd10000 - 0x00007ffc9dd3d000 	C:\WINDOWS\SYSTEM32\GLU32.dll
0x00007ffcc4f30000 - 0x00007ffcc4f66000 	C:\WINDOWS\SYSTEM32\dxcore.dll
0x00007ffc81dd0000 - 0x00007ffc81e57000 	C:\Program Files\Java\jdk-21\bin\freetype.dll
0x00007ffc81400000 - 0x00007ffc814d3000 	C:\Program Files\Java\jdk-21\bin\fontmanager.dll
0x00007ffcc8fc0000 - 0x00007ffcc9070000 	C:\WINDOWS\System32\clbcatq.dll
0x00007ffcc28d0000 - 0x00007ffcc2a80000 	C:\WINDOWS\SYSTEM32\WindowsCodecs.dll
0x00007ffc95920000 - 0x00007ffc9597e000 	C:\WINDOWS\system32\dataexchange.dll
0x00007ffcbef70000 - 0x00007ffcbf1f5000 	C:\WINDOWS\system32\twinapi.appcore.dll
0x00007ffcb4860000 - 0x00007ffcb49aa000 	C:\WINDOWS\SYSTEM32\textinputframework.dll

dbghelp: loaded successfully - version: 4.0.5 - missing functions: none
symbol engine: initialized successfully - sym options: 0x614 - pdb path: .;C:\Program Files\Java\jdk-21\bin;C:\WINDOWS\SYSTEM32;C:\WINDOWS\WinSxS\amd64_microsoft.windows.common-controls_6595b64144ccf1df_6.0.22621.2506_none_270c5ae97388e100;C:\Program Files\Java\jdk-21\bin\server

VM Arguments:
jvm_args: -Dfile.encoding=UTF-8 -Dstdout.encoding=UTF-8 -Dstderr.encoding=UTF-8 --module-path=C:\Users\sssss\Downloads\mysql-connector-j-8.2.0.jar -XX:+ShowCodeDetailsInExceptionMessages 
java_command: LoginUI
java_class_path (initial): C:\Users\sssss\git\Hansung\bin
Launcher Type: SUN_STANDARD

[Global flags]
     intx CICompilerCount                          = 4                                         {product} {ergonomic}
     uint ConcGCThreads                            = 2                                         {product} {ergonomic}
     uint G1ConcRefinementThreads                  = 8                                         {product} {ergonomic}
   size_t G1HeapRegionSize                         = 1048576                                   {product} {ergonomic}
    uintx GCDrainStackTargetSize                   = 64                                        {product} {ergonomic}
   size_t InitialHeapSize                          = 130023424                                 {product} {ergonomic}
   size_t MarkStackSize                            = 4194304                                   {product} {ergonomic}
   size_t MaxHeapSize                              = 2071986176                                {product} {ergonomic}
   size_t MaxNewSize                               = 1242562560                                {product} {ergonomic}
   size_t MinHeapDeltaBytes                        = 1048576                                   {product} {ergonomic}
   size_t MinHeapSize                              = 8388608                                   {product} {ergonomic}
    uintx NonNMethodCodeHeapSize                   = 5839372                                {pd product} {ergonomic}
    uintx NonProfiledCodeHeapSize                  = 122909434                              {pd product} {ergonomic}
    uintx ProfiledCodeHeapSize                     = 122909434                              {pd product} {ergonomic}
    uintx ReservedCodeCacheSize                    = 251658240                              {pd product} {ergonomic}
     bool SegmentedCodeCache                       = true                                      {product} {ergonomic}
     bool ShowCodeDetailsInExceptionMessages       = true                                   {manageable} {command line}
   size_t SoftMaxHeapSize                          = 2071986176                             {manageable} {ergonomic}
     bool UseCompressedOops                        = true                           {product lp64_product} {ergonomic}
     bool UseG1GC                                  = true                                      {product} {ergonomic}
     bool UseLargePagesIndividualAllocation        = false                                  {pd product} {ergonomic}

Logging:
Log output configuration:
 #0: stdout all=warning uptime,level,tags foldmultilines=false
 #1: stderr all=off uptime,level,tags foldmultilines=false

Environment Variables:
JAVA_HOME=C:\Program Files\Java\jdk-21
PATH=C:\Program Files\Common Files\Oracle\Java\javapath;C:\Program Files\Java\jdk-21\bin;C:\WINDOWS\system32;C:\WINDOWS;C:\WINDOWS\System32\Wbem;C:\WINDOWS\System32\WindowsPowerShell\v1.0\;C:\WINDOWS\System32\OpenSSH\;C:\Program Files\nodejs\;C:\flutter\bin;C:\Program Files\Microsoft SQL Server\150\Tools\Binn\;C:\Program Files\Microsoft SQL Server\Client SDK\ODBC\170\Tools\Binn\;C:\Program Files (x86)\Windows Kits\10\Windows Performance Toolkit\;C:\Users\sssss\AppData\Local\Android\Sdk;C:\Users\sssss\AppData\Local\Android\Sdk\platform-tools;C:\Program Files\Git\cmd;C:\Program Files\MySQL\MySQL Server 8.2\bin;C:\Users\sssss\AppData\Local\Programs\Python\Python312\Scripts\;C:\Users\sssss\AppData\Local\Programs\Python\Python312\;C:\Users\sssss\AppData\Local\Microsoft\WindowsApps;C:\Users\sssss\AppData\Local\Programs\Microsoft VS Code\bin;C:\Users\sssss\AppData\Local\GitHubDesktop\bin;C:\Users\sssss\AppData\Roaming\npm
USERNAME=sssss
OS=Windows_NT
PROCESSOR_IDENTIFIER=Intel64 Family 6 Model 126 Stepping 5, GenuineIntel
TMP=C:\Users\sssss\AppData\Local\Temp
TEMP=C:\Users\sssss\AppData\Local\Temp




Periodic native trim disabled

---------------  S Y S T E M  ---------------

OS:
 Windows 11 , 64 bit Build 22621 (10.0.22621.2506)
OS uptime: 1 days 23:14 hours

CPU: total 8 (initial active 8) (4 cores per cpu, 2 threads per core) family 6 model 126 stepping 5 microcode 0x96, cx8, cmov, fxsr, ht, mmx, 3dnowpref, sse, sse2, sse3, ssse3, sse4.1, sse4.2, popcnt, lzcnt, tsc, tscinvbit, avx, avx2, aes, erms, clmul, bmi1, bmi2, adx, avx512f, avx512dq, avx512cd, avx512bw, avx512vl, sha, fma, vzeroupper, avx512_vpopcntdq, avx512_vpclmulqdq, avx512_vaes, avx512_vnni, clflush, clflushopt, avx512_vbmi2, avx512_vbmi, rdtscp, rdpid, fsrm, gfni, avx512_bitalg, f16c, pku, avx512_ifma
Processor Information for processor 0
  Max Mhz: 1498, Current Mhz: 1298, Mhz Limit: 1288
Processor Information for processor 1
  Max Mhz: 1498, Current Mhz: 1298, Mhz Limit: 1288
Processor Information for processor 2
  Max Mhz: 1498, Current Mhz: 1298, Mhz Limit: 1288
Processor Information for processor 3
  Max Mhz: 1498, Current Mhz: 998, Mhz Limit: 1288
Processor Information for processor 4
  Max Mhz: 1498, Current Mhz: 1298, Mhz Limit: 1288
Processor Information for processor 5
  Max Mhz: 1498, Current Mhz: 998, Mhz Limit: 1288
Processor Information for processor 6
  Max Mhz: 1498, Current Mhz: 998, Mhz Limit: 1288
Processor Information for processor 7
  Max Mhz: 1498, Current Mhz: 1298, Mhz Limit: 1288

Memory: 4k page, system-wide physical 7901M (450M free)
TotalPageFile size 32477M (AvailPageFile size 0M)
current process WorkingSet (physical memory assigned to process): 70M, peak: 70M
current process commit charge ("private bytes"): 221M, peak: 221M

vm_info: Java HotSpot(TM) 64-Bit Server VM (21.0.1+12-LTS-29) for windows-amd64 JRE (21.0.1+12-LTS-29), built on 2023-10-05T13:27:09Z by "mach5one" with MS VC++ 17.1 (VS2022)

END.
